 Process in group number            1
 No PDF is used, alpha_s(MZ) from param_card is used
 Value of alpha_s from param_card:   0.11799999999999999     
 The default order of alpha_s running is fixed to            2
 Define smin to   28980.976643999998     
 *****************************************************
 *               MadGraph/MadEvent                   *
 *        --------------------------------           *
 *          http://madgraph.hep.uiuc.edu             *
 *          http://madgraph.phys.ucl.ac.be           *
 *          http://madgraph.roma2.infn.it            *
 *        --------------------------------           *
 *                                                   *
 *          PARAMETER AND COUPLING VALUES            *
 *                                                   *
 *****************************************************

  External Params
  ---------------------------------
  
 aEWM1 =    132.50700000000001     
 aS =   0.11799999999999999     
 mdl_MZ =    91.188000000000002     
 mdl_MT =    173.30000000000001     
 mdl_MB =    4.7000000000000002     
 mdl_MH =    125.00000000000000     
 mdl_MTA =    1.7769999999999999     
 mdl_WZ =    2.4414039999999999     
 mdl_WW =    2.0476000000000001     
 mdl_WT =    1.3500000000000001     
 mdl_WH =    6.3823389999999999E-003
 mdl_MW =    80.418999999999997     
  Internal Params
  ---------------------------------
  
 mdl_conjg__CKM3x3 =    1.0000000000000000     
 mdl_CKM3x3 =    1.0000000000000000     
 mdl_conjg__CKM1x1 =    1.0000000000000000     
 mdl_ymtau =                (1.7769999999999999,0.0000000000000000)
 mdl_ymb =                (4.7000000000000002,0.0000000000000000)
 CMASS_mdl_MH =         (125.00000004073425,-3.19116949896008093E-003)
 CMASS_mdl_MT =              (173.30131453075592,-0.67499487996809127)
 mdl_ymt =              (173.30131453075592,-0.67499487996809127)
 CMASS_mdl_MW =               (80.425515588118458,-1.0237170579253749)
 CMASS_mdl_MZ =               (91.196168726742613,-1.2205926578948283)
 mdl_complexi =                (0.0000000000000000,1.0000000000000000)
 mdl_MZ__exp__2 =               (8315.2513440000002,-222.62674795199996)
 mdl_MZ__exp__4 =               (69093842.244990125,-3702394.7302364339)
 mdl_sqrt__2 =                (1.4142135623730951,0.0000000000000000)
 mdl_MH__exp__2 =              (15625.000000000000,-0.79779237500000000)
 mdl_aEW =          (7.54677111397888348E-003,0.0000000000000000)
 Gf =    (1.16533040648424829E-005,3.50198837593820351E-007)
 mdl_sqrt__aEW =          (8.68721538467815552E-002,0.0000000000000000)
 mdl_ee =               (0.30795376724436879,0.0000000000000000)
 mdl_MW__exp__2 =               (6467.2155609999973,-164.66594440000003)
 mdl_sw2 =        (0.22227382624037062,-1.01941650475482039E-003)
 mdl_cw =         (0.88188803587158315,5.77973882901878741E-004)
 mdl_sqrt__sw2 =        (0.47146049153037201,-1.08112612092454465E-003)
 mdl_sw =        (0.47146049153037201,-1.08112612092454465E-003)
 mdl_g1 =        (0.34919810956035874,-2.28858289346364898E-004)
 mdl_gw =         (0.65318760195050374,1.49785229307440441E-003)
 mdl_vev =               (246.24700443049701,-3.6992063978011172)
 mdl_vev__exp__2 =               (60623.903063019687,-1821.8369884573092)
 mdl_lam =         (0.12875223392256610,3.86261316226568568E-003)
 mdl_yb =    (2.69863347493778417E-002,4.05397914947133785E-004)
 mdl_yt =         (0.99511509105343321,1.10724156986023083E-002)
 mdl_ytau =    (1.02031312446051944E-002,1.53274913800224816E-004)
 mdl_muH =         (88.388347677121899,-2.25649759263011002E-003)
 mdl_I1x33 =    (2.69863347493778417E-002,4.05397914947133785E-004)
 mdl_I2x33 =         (0.99511509105343321,1.10724156986023083E-002)
 mdl_I3x33 =         (0.99511509105343321,1.10724156986023083E-002)
 mdl_I4x33 =    (2.69863347493778417E-002,4.05397914947133785E-004)
 mdl_ee__exp__2 =          (9.48355227599988748E-002,0.0000000000000000)
 mdl_sw__exp__2 =        (0.22227382624037065,-1.01941650475482039E-003)
 mdl_cw__exp__2 =         (0.77772617375962949,1.01941650475482039E-003)
  Internal Params evaluated point by point
  ----------------------------------------
  
 mdl_sqrt__aS =               (0.34351128074635334,0.0000000000000000)
 mdl_G__exp__2 =                (1.4828317324943823,0.0000000000000000)
  Couplings of sm
  ---------------------------------
  
         GC_2 =   0.00000E+00   0.20530E+00
         GC_3 =  -0.00000E+00  -0.30795E+00
        GC_51 =  -0.84923E-03   0.28802E+00
        GC_58 =  -0.80904E-04  -0.27439E-01
        GC_59 =   0.24271E-03   0.82316E-01
       GC_100 =  -0.10591E-02   0.46187E+00

 Collider parameters:
 --------------------

 Running at e e   machine @    354.00000000000000       GeV
 PDF set = none   
 alpha_s(Mz)= 0.1180 running at 2 loops.
 alpha_s(Mz)= 0.1180 running at 2 loops.
 Renormalization scale set on event-by-event basis
 Factorization   scale set on event-by-event basis


 getting user params
Enter number of events and max and min iterations: 
 Number of events and iterations         1000           5           3
Enter desired fractional accuracy: 
 Desired fractional accuracy:   0.10000000000000001     
Enter 0 for fixed, 2 for adjustable grid: 
Suppress amplitude (0 no, 1 yes)? 
 Using suppressed amplitude.
Exact helicity sum (0 yes, n = number/event)? 
 Explicitly summing over helicities
Enter Configuration Number: 
Running Configuration Number:    1
 Using dconfig=           8
 BW Setting            2           2           0           0
 Attempting mappinvarients           1           6
 Completed mapping           6
 about to integrate            8        1000           5           3           8           1
 Using non-zero grid deformation.
  8 dimensions   1000 events  8 invarients  5 iterations  1 config(s),  (0.99)
 Using h-tuple random number sequence.
 Error opening grid
 Using Uniform Grid!          24
 Using uniform alpha   1.0000000000000000     
 Grid defined OK
 Set CM energy to        354.00
 Mapping Graph           1  to config           1
Setting grid   1    0.57816E-01   1
Setting grid   2    0.57816E-01   1
Setting grid   3    0.23126E+00   1
   1   1   2   3   4   5   6   7   8
 Masses: 0.000E+00 0.000E+00 0.804E+02 0.470E+01 0.804E+02 0.470E+01
 Got moffset           1
Using random seed offsets     1 :      1
  with seed                  195
 Ranmar initialization seeds       28941       12733
 
 ********************************************
 * You are using the DiscreteSampler module *
 *      part of the MG5_aMC framework       *
 *         Author: Valentin Hirschi         *
 ********************************************
 
  Particle       3       4       5       6
      Et >     0.0     0.0     0.0     0.0
       E >     0.0     0.0     0.0     0.0
     Eta <    -1.0    -1.0    -1.0    -1.0
   xqcut:      0.0     0.0     0.0     0.0
d R # 3  >    -0.0     0.0     0.0     0.0
d R # 4  >    -0.0    -0.0     0.0     0.0
d R # 5  >    -0.0    -0.0    -0.0     0.0
s min # 3>     0.0  7245.2 25868.9     0.0
s min # 4>     0.0     0.0  7245.2     0.0
s min # 5>     0.0     0.0     0.0     0.0
xqcutij # 3>     0.0     0.0     0.0     0.0
xqcutij # 4>     0.0     0.0     0.0     0.0
xqcutij # 5>     0.0     0.0     0.0     0.0
 Excluding BW           -1           1
 Excluding BW           -2           2
 alpha_s for scale    354.00000000000000       is    9.8030208271392735E-002
 Added good helicity            1   9.2880659038949140       in event            1 local:           1
 Added good helicity            2   3.2774124134602764E-003  in event            1 local:           1
 Added good helicity            3   1.7845383648415754       in event            1 local:           1
 Added good helicity            4   1.8718190077510182E-003  in event            1 local:           1
 Added good helicity            5  0.43790253745641000       in event            1 local:           1
 Added good helicity            6   4.0288051478990254E-004  in event            1 local:           1
 Added good helicity            7   1.4032891018818610E-002  in event            1 local:           1
 Added good helicity            8   4.9516844193068130E-006  in event            1 local:           1
 Added good helicity            9   2.6961729871254683E-003  in event            1 local:           1
 Added good helicity           10   2.8280411029069272E-006  in event            1 local:           1
 Added good helicity           11   6.6160583361203683E-004  in event            1 local:           1
 Added good helicity           12   6.0869274789290988E-007  in event            1 local:           1
 Added good helicity           13   13.779265596713437       in event            1 local:           1
 Added good helicity           14   4.8621894571287353E-003  in event            1 local:           1
 Added good helicity           15   3.7826839779152230       in event            1 local:           1
 Added good helicity           16   2.3159639438743176E-003  in event            1 local:           1
 Added good helicity           17  0.78207061962547242       in event            1 local:           1
 Added good helicity           18   7.1952315158286140E-004  in event            1 local:           1
 Added good helicity           19   1.1774276464689263E-002  in event            1 local:           1
 Added good helicity           20   4.1547034920051048E-006  in event            1 local:           1
 Added good helicity           21   3.6271408518280452E-003  in event            1 local:           1
 Added good helicity           22   2.1422192179995016E-006  in event            1 local:           1
 Added good helicity           23   9.4487263879001614E-004  in event            1 local:           1
 Added good helicity           24   8.6930479402510532E-007  in event            1 local:           1
 Added good helicity           25   2.9082686009763541       in event            1 local:           1
 Added good helicity           26   1.0262196363744161E-003  in event            1 local:           1
 Added good helicity           27  0.85056546474786132       in event            1 local:           1
 Added good helicity           28   4.9560701107836719E-004  in event            1 local:           1
 Added good helicity           29  0.19109239011277440       in event            1 local:           1
 Added good helicity           30   1.7580944140733811E-004  in event            1 local:           1
 Added good helicity           31   6.0263523883481579E-003  in event            1 local:           1
 Added good helicity           32   2.1264752349760772E-006  in event            1 local:           1
 Added good helicity           33   1.7624944333576730E-003  in event            1 local:           1
 Added good helicity           34   1.0269692743962924E-006  in event            1 local:           1
 Added good helicity           35   3.9597101903334083E-004  in event            1 local:           1
 Added good helicity           36   3.6430254301943757E-007  in event            1 local:           1
 Added good helicity          109   10.901682948049068       in event            1 local:           1
 Added good helicity          110   3.8467977500634739E-003  in event            1 local:           1
 Added good helicity          111   18.330135375494852       in event            1 local:           1
 Added good helicity          112   1.9920528092002010E-002  in event            1 local:           1
 Added good helicity          113   19.732008484499925       in event            1 local:           1
 Added good helicity          114   1.8153906534203124E-002  in event            1 local:           1
 Added good helicity          115   1.6470827222224295E-002  in event            1 local:           1
 Added good helicity          116   5.8119412756793976E-006  in event            1 local:           1
 Added good helicity          117   2.7694117886980594E-002  in event            1 local:           1
 Added good helicity          118   3.0096965573333560E-005  in event            1 local:           1
 Added good helicity          119   2.9812140386436720E-002  in event            1 local:           1
 Added good helicity          120   2.7427862226242614E-005  in event            1 local:           1
 Added good helicity          121   6.4952115415099803       in event            1 local:           1
 Added good helicity          122   2.2919181619144666E-003  in event            1 local:           1
 Added good helicity          123   18.367744484368522       in event            1 local:           1
 Added good helicity          124   1.5860704787177556E-002  in event            1 local:           1
 Added good helicity          125   17.623426515671163       in event            1 local:           1
 Added good helicity          126   1.6213962102702779E-002  in event            1 local:           1
 Added good helicity          127   2.6161834979015308E-002  in event            1 local:           1
 Added good helicity          128   9.2315368566848654E-006  in event            1 local:           1
 Added good helicity          129   6.1865460040350380E-002  in event            1 local:           1
 Added good helicity          130   5.8341766241876063E-005  in event            1 local:           1
 Added good helicity          131   6.2116663955821258E-002  in event            1 local:           1
 Added good helicity          132   5.7148774923561066E-005  in event            1 local:           1
 Added good helicity          133   2.9999194554122708       in event            1 local:           1
 Added good helicity          134   1.0585598082832467E-003  in event            1 local:           1
 Added good helicity          135   7.7299356970764013       in event            1 local:           1
 Added good helicity          136   7.0040029958562677E-003  in event            1 local:           1
 Added good helicity          137   7.6047146890383344       in event            1 local:           1
 Added good helicity          138   6.9965143078328795E-003  in event            1 local:           1
 Added good helicity          139   6.2162661897551550E-003  in event            1 local:           1
 Added good helicity          140   2.1934887399036958E-006  in event            1 local:           1
 Added good helicity          141   1.6017542683029757E-002  in event            1 local:           1
 Added good helicity          142   1.4513305328093121E-005  in event            1 local:           1
 Added good helicity          143   1.5758066677062432E-002  in event            1 local:           1
 Added good helicity          144   1.4497787685417273E-005  in event            1 local:           1
 RESET CUMULATIVE VARIABLE
 RESET CUMULATIVE VARIABLE
 Iteration  1   Mean: 0.1852E-02 Abs mean: 0.1852E-02   Fluctuation:  0.127E-02   0.126E+01    89.7%
  1    0.1852E-02 0.1852E-02 +- 0.1267E-02     21.63
 Writing out events   4.1300404673663921E-007   21.629391254179033     
 Relative summed weights:
  0.1000E+01  0.0000E+00
 Relative number of events:
  0.1000E+01  0.0000E+00
 Events:
        1015           0
 Iteration  2   Mean: 0.8253E-03 Abs mean: 0.8253E-03   Fluctuation:  0.813E-04   0.695E-01    79.1%
  2    0.8253E-03 0.8253E-03 +- 0.8133E-04      4.41
 Relative summed weights:
  0.1000E+01  0.0000E+00
 Relative number of events:
  0.1000E+01  0.0000E+00
 Events:
        2000           0
 Iteration  3   Mean: 0.6979E-03 Abs mean: 0.6979E-03   Fluctuation:  0.208E-04   0.227E-01    89.6%
  3    0.6979E-03 0.6979E-03 +- 0.2078E-04      1.88
 Relative summed weights:
  0.1000E+01  0.0000E+00
 Relative number of events:
  0.1000E+01  0.0000E+00
 Events:
        4000           0
 Accuracy:    0.059   0.100   0.028   4.281
 Finished due to accuracy    5.8914985031754991E-002  0.10000000000000001     

 -------------------------------------------------------------------------------
 Accumulated results:   Integral =  0.7105E-03
                        Std dev  =  0.2023E-04
                       Cross sec =  0.7105E-03
             Chi**2 per DoF.     =      4.2812
 -------------------------------------------------------------------------------
 Found          360  events.
 Wrote          233  events.
 Actual xsec    7.1050887856322965E-004
 Correct abs xsec    7.1050887856322965E-004
 Event xsec    7.1050887856323529E-004
 Events wgts > 1:            7
 % Cross section > 1:    6.7704089866881310E-006  0.95289576118724950     
-------------------------------------------------
---------------------------
 Results Last   3 iters: Integral =   0.7105E-03
                     Abs integral =   0.7105E-03
                          Std dev =   0.2023E-04
                  Chi**2 per DoF. =      1.5871
-------------------------------------------------
---------------------------
 Status  0.10000000000000001                4           5

ls status:
events.lhe
ftn26
input_app.txt
input_sg.txt
moffset.dat
results.dat
run_03_log.txt
run_04_log.txt
run_05_log.txt
run_06_log.txt
run_08_log.txt
run_09_log.txt
run_10_log.txt
run_11_log.txt
run_12_log.txt
run_13_log.txt
run_14_log.txt
run_15_log.txt
run_16_log.txt
run_17_log.txt
run_18_log.txt
run_19_log.txt
run1_app.log
