 Process in group number            1
 No PDF is used, alpha_s(MZ) from param_card is used
 Value of alpha_s from param_card:   0.11799999999999999     
 The default order of alpha_s running is fixed to            2
 Define smin to   28980.976643999998     
 *****************************************************
 *               MadGraph/MadEvent                   *
 *        --------------------------------           *
 *          http://madgraph.hep.uiuc.edu             *
 *          http://madgraph.phys.ucl.ac.be           *
 *          http://madgraph.roma2.infn.it            *
 *        --------------------------------           *
 *                                                   *
 *          PARAMETER AND COUPLING VALUES            *
 *                                                   *
 *****************************************************

  External Params
  ---------------------------------
  
 aEWM1 =    132.50700000000001     
 aS =   0.11799999999999999     
 mdl_MZ =    91.188000000000002     
 mdl_MT =    173.30000000000001     
 mdl_MB =    4.7000000000000002     
 mdl_MH =    125.00000000000000     
 mdl_MTA =    1.7769999999999999     
 mdl_WZ =    2.4414039999999999     
 mdl_WW =    2.0476000000000001     
 mdl_WT =    1.3500000000000001     
 mdl_WH =    6.3823389999999999E-003
 mdl_MW =    80.418999999999997     
  Internal Params
  ---------------------------------
  
 mdl_conjg__CKM3x3 =    1.0000000000000000     
 mdl_CKM3x3 =    1.0000000000000000     
 mdl_conjg__CKM1x1 =    1.0000000000000000     
 mdl_ymtau =                (1.7769999999999999,0.0000000000000000)
 mdl_ymb =                (4.7000000000000002,0.0000000000000000)
 CMASS_mdl_MH =         (125.00000004073425,-3.19116949896008093E-003)
 CMASS_mdl_MT =              (173.30131453075592,-0.67499487996809127)
 mdl_ymt =              (173.30131453075592,-0.67499487996809127)
 CMASS_mdl_MW =               (80.425515588118458,-1.0237170579253749)
 CMASS_mdl_MZ =               (91.196168726742613,-1.2205926578948283)
 mdl_complexi =                (0.0000000000000000,1.0000000000000000)
 mdl_MZ__exp__2 =               (8315.2513440000002,-222.62674795199996)
 mdl_MZ__exp__4 =               (69093842.244990125,-3702394.7302364339)
 mdl_sqrt__2 =                (1.4142135623730951,0.0000000000000000)
 mdl_MH__exp__2 =              (15625.000000000000,-0.79779237500000000)
 mdl_aEW =          (7.54677111397888348E-003,0.0000000000000000)
 Gf =    (1.16533040648424829E-005,3.50198837593820351E-007)
 mdl_sqrt__aEW =          (8.68721538467815552E-002,0.0000000000000000)
 mdl_ee =               (0.30795376724436879,0.0000000000000000)
 mdl_MW__exp__2 =               (6467.2155609999973,-164.66594440000003)
 mdl_sw2 =        (0.22227382624037062,-1.01941650475482039E-003)
 mdl_cw =         (0.88188803587158315,5.77973882901878741E-004)
 mdl_sqrt__sw2 =        (0.47146049153037201,-1.08112612092454465E-003)
 mdl_sw =        (0.47146049153037201,-1.08112612092454465E-003)
 mdl_g1 =        (0.34919810956035874,-2.28858289346364898E-004)
 mdl_gw =         (0.65318760195050374,1.49785229307440441E-003)
 mdl_vev =               (246.24700443049701,-3.6992063978011172)
 mdl_vev__exp__2 =               (60623.903063019687,-1821.8369884573092)
 mdl_lam =         (0.12875223392256610,3.86261316226568568E-003)
 mdl_yb =    (2.69863347493778417E-002,4.05397914947133785E-004)
 mdl_yt =         (0.99511509105343321,1.10724156986023083E-002)
 mdl_ytau =    (1.02031312446051944E-002,1.53274913800224816E-004)
 mdl_muH =         (88.388347677121899,-2.25649759263011002E-003)
 mdl_I1x33 =    (2.69863347493778417E-002,4.05397914947133785E-004)
 mdl_I2x33 =         (0.99511509105343321,1.10724156986023083E-002)
 mdl_I3x33 =         (0.99511509105343321,1.10724156986023083E-002)
 mdl_I4x33 =    (2.69863347493778417E-002,4.05397914947133785E-004)
 mdl_ee__exp__2 =          (9.48355227599988748E-002,0.0000000000000000)
 mdl_sw__exp__2 =        (0.22227382624037065,-1.01941650475482039E-003)
 mdl_cw__exp__2 =         (0.77772617375962949,1.01941650475482039E-003)
  Internal Params evaluated point by point
  ----------------------------------------
  
 mdl_sqrt__aS =               (0.34351128074635334,0.0000000000000000)
 mdl_G__exp__2 =                (1.4828317324943823,0.0000000000000000)
  Couplings of sm
  ---------------------------------
  
         GC_2 =   0.00000E+00   0.20530E+00
         GC_3 =  -0.00000E+00  -0.30795E+00
        GC_51 =  -0.84923E-03   0.28802E+00
        GC_58 =  -0.80904E-04  -0.27439E-01
        GC_59 =   0.24271E-03   0.82316E-01
       GC_100 =  -0.10591E-02   0.46187E+00

 Collider parameters:
 --------------------

 Running at e e   machine @    354.00000000000000       GeV
 PDF set = none   
 alpha_s(Mz)= 0.1180 running at 2 loops.
 alpha_s(Mz)= 0.1180 running at 2 loops.
 Renormalization scale set on event-by-event basis
 Factorization   scale set on event-by-event basis


 getting user params
Enter number of events and max and min iterations: 
 Number of events and iterations         1000           5           3
Enter desired fractional accuracy: 
 Desired fractional accuracy:   0.10000000000000001     
Enter 0 for fixed, 2 for adjustable grid: 
Suppress amplitude (0 no, 1 yes)? 
 Using suppressed amplitude.
Exact helicity sum (0 yes, n = number/event)? 
 Explicitly summing over helicities
Enter Configuration Number: 
Running Configuration Number:    1
 Using dconfig=           7
 BW Setting            1           2           0           0
 Attempting mappinvarients           1           6
 Completed mapping           6
 about to integrate            8        1000           5           3           8           1
 Using non-zero grid deformation.
  8 dimensions   1000 events  8 invarients  5 iterations  1 config(s),  (0.99)
 Using h-tuple random number sequence.
 Error opening grid
 Using Uniform Grid!          24
 Using uniform alpha   1.0000000000000000     
 Grid defined OK
 Set CM energy to        354.00
 Mapping Graph           1  to config           1
 Setting BW          -1           1   173.30000000000001     
Setting grid   2    0.57816E-01   1
Setting grid   3    0.50542E+00   1
   1   1   2   3   4   5   6   7   8
 Masses: 0.000E+00 0.000E+00 0.804E+02 0.470E+01 0.804E+02 0.470E+01
 Got moffset           1
Using random seed offsets     1 :      1
  with seed                  195
 Ranmar initialization seeds       28941       12733
 
 ********************************************
 * You are using the DiscreteSampler module *
 *      part of the MG5_aMC framework       *
 *         Author: Valentin Hirschi         *
 ********************************************
 
  Particle       3       4       5       6
      Et >     0.0     0.0     0.0     0.0
       E >     0.0     0.0     0.0     0.0
     Eta <    -1.0    -1.0    -1.0    -1.0
   xqcut:      0.0     0.0     0.0     0.0
d R # 3  >    -0.0     0.0     0.0     0.0
d R # 4  >    -0.0    -0.0     0.0     0.0
d R # 5  >    -0.0    -0.0    -0.0     0.0
s min # 3>     0.0  7245.2 25868.9     0.0
s min # 4>     0.0     0.0  7245.2     0.0
s min # 5>     0.0     0.0     0.0     0.0
xqcutij # 3>     0.0     0.0     0.0     0.0
xqcutij # 4>     0.0     0.0     0.0     0.0
xqcutij # 5>     0.0     0.0     0.0     0.0
 Requiring BW           -1           1
 Excluding BW           -2           2
 alpha_s for scale    354.00000000000000       is    9.8030208271392735E-002
 Added good helicity            1   3.5381381091469684       in event            1 local:           1
 Added good helicity            2   1.8775493007996971E-004  in event            1 local:           1
 Added good helicity            3   10.114601154556137       in event            1 local:           1
 Added good helicity            4   6.3807402775548148E-004  in event            1 local:           1
 Added good helicity            5   1.0551760521571105       in event            1 local:           1
 Added good helicity            6   4.3706773034033223E-003  in event            1 local:           1
 Added good helicity            7   6.8987133286709098E-003  in event            1 local:           1
 Added good helicity            8   3.6608730318292902E-007  in event            1 local:           1
 Added good helicity            9   1.9721596966137019E-002  in event            1 local:           1
 Added good helicity           10   1.2441260527890325E-006  in event            1 local:           1
 Added good helicity           11   2.0573976680818805E-003  in event            1 local:           1
 Added good helicity           12   8.5220104015604646E-006  in event            1 local:           1
 Added good helicity           13   5.6677362199990711       in event            1 local:           1
 Added good helicity           14   3.0076423951528529E-004  in event            1 local:           1
 Added good helicity           15   14.428828728276615       in event            1 local:           1
 Added good helicity           16   7.7764634707149676E-004  in event            1 local:           1
 Added good helicity           17   1.4596911906590240       in event            1 local:           1
 Added good helicity           18   6.0462319476913690E-003  in event            1 local:           1
 Added good helicity           19   5.4885558640859183E-003  in event            1 local:           1
 Added good helicity           20   2.9125585002952572E-007  in event            1 local:           1
 Added good helicity           21   1.6211760296787836E-002  in event            1 local:           1
 Added good helicity           22   7.2188253677687818E-007  in event            1 local:           1
 Added good helicity           23   1.6318184987084612E-003  in event            1 local:           1
 Added good helicity           24   6.7592057846635193E-006  in event            1 local:           1
 Added good helicity           25   1.2911495834027713       in event            1 local:           1
 Added good helicity           26   6.8516177796410481E-005  in event            1 local:           1
 Added good helicity           27   3.4245347632348699       in event            1 local:           1
 Added good helicity           28   1.7019926418048310E-004  in event            1 local:           1
 Added good helicity           29  0.34485666630625600       in event            1 local:           1
 Added good helicity           30   1.4284414446961539E-003  in event            1 local:           1
 Added good helicity           31   3.3953376507845877E-003  in event            1 local:           1
 Added good helicity           32   1.8017707719573603E-007  in event            1 local:           1
 Added good helicity           33   9.0055032875341751E-003  in event            1 local:           1
 Added good helicity           34   4.4757321478185169E-007  in event            1 local:           1
 Added good helicity           35   9.0687000041297775E-004  in event            1 local:           1
 Added good helicity           36   3.7563742276366625E-006  in event            1 local:           1
 Added good helicity          109   21.137079918757628       in event            1 local:           1
 Added good helicity          110   1.1216608396323686E-003  in event            1 local:           1
 Added good helicity          111   24.699413216650772       in event            1 local:           1
 Added good helicity          112   7.3491523291091621E-003  in event            1 local:           1
 Added good helicity          113   3.4724030948621829       in event            1 local:           1
 Added good helicity          114   1.4383148067050579E-002  in event            1 local:           1
 Added good helicity          115   4.1213386947145422E-002  in event            1 local:           1
 Added good helicity          116   2.1870306771279848E-006  in event            1 local:           1
 Added good helicity          117   4.8159276407992016E-002  in event            1 local:           1
 Added good helicity          118   1.4329484481170164E-005  in event            1 local:           1
 Added good helicity          119   6.7705422383354443E-003  in event            1 local:           1
 Added good helicity          120   2.8044472040785269E-005  in event            1 local:           1
 Added good helicity          121   16.357627753682632       in event            1 local:           1
 Added good helicity          122   8.6803430516942560E-004  in event            1 local:           1
 Added good helicity          123   16.210076210887653       in event            1 local:           1
 Added good helicity          124   5.0182785496846209E-003  in event            1 local:           1
 Added good helicity          125   2.2520537342998175       in event            1 local:           1
 Added good helicity          126   9.3283013033007515E-003  in event            1 local:           1
 Added good helicity          127   7.7953474904159104E-002  in event            1 local:           1
 Added good helicity          128   4.1366811522373801E-006  in event            1 local:           1
 Added good helicity          129   8.7781534427564589E-002  in event            1 local:           1
 Added good helicity          130   2.5601632230445776E-005  in event            1 local:           1
 Added good helicity          131   1.2151811476239614E-002  in event            1 local:           1
 Added good helicity          132   5.0334393493729946E-005  in event            1 local:           1
 Added good helicity          133   8.1354024324921514       in event            1 local:           1
 Added good helicity          134   4.3171347973560141E-004  in event            1 local:           1
 Added good helicity          135   8.7525783184702153       in event            1 local:           1
 Added good helicity          136   2.5985177654903654E-003  in event            1 local:           1
 Added good helicity          137   1.2114360876479426       in event            1 local:           1
 Added good helicity          138   5.0179268208204297E-003  in event            1 local:           1
 Added good helicity          139   2.1393677803409360E-002  in event            1 local:           1
 Added good helicity          140   1.1352774697370286E-006  in event            1 local:           1
 Added good helicity          141   2.3016665991420087E-002  in event            1 local:           1
 Added good helicity          142   6.8333253705196799E-006  in event            1 local:           1
 Added good helicity          143   3.1857149727531767E-003  in event            1 local:           1
 Added good helicity          144   1.3195648345183703E-005  in event            1 local:           1
 RESET CUMULATIVE VARIABLE
 RESET CUMULATIVE VARIABLE
 Iteration  1   Mean: 0.1245E-01 Abs mean: 0.1245E-01   Fluctuation:  0.465E-02   0.405E+01    86.1%
  1    0.1245E-01 0.1245E-01 +- 0.4646E-02     11.80
 Writing out events   2.8909795335228625E-006   11.800162071644033     
 Relative summed weights:
  0.1000E+01  0.0000E+00
 Relative number of events:
  0.1000E+01  0.0000E+00
 Events:
        1015           0
 Iteration  2   Mean: 0.1314E-01 Abs mean: 0.1314E-01   Fluctuation:  0.141E-02   0.152E+01    80.8%
  2    0.1314E-01 0.1314E-01 +- 0.1407E-02      4.79
 Relative summed weights:
  0.1000E+01  0.0000E+00
 Relative number of events:
  0.1000E+01  0.0000E+00
 Events:
        2000           0
 Iteration  3   Mean: 0.1126E-01 Abs mean: 0.1126E-01   Fluctuation:  0.321E-03   0.306E+00    92.4%
  3    0.1126E-01 0.1126E-01 +- 0.3210E-03      1.80
 Relative summed weights:
  0.1000E+01  0.0000E+00
 Relative number of events:
  0.1000E+01  0.0000E+00
 Events:
        4000           0
 Accuracy:    0.029   0.100   0.027   1.141
 Finished due to accuracy    2.9342069401833249E-002  0.10000000000000001     

 -------------------------------------------------------------------------------
 Accumulated results:   Integral =  0.1139E-01
                        Std dev  =  0.3129E-03
                       Cross sec =  0.1139E-01
             Chi**2 per DoF.     =      1.1410
 -------------------------------------------------------------------------------
 Found          352  events.
 Wrote          233  events.
 Actual xsec    1.1392456662156079E-002
 Correct abs xsec    1.1392456662156079E-002
 Event xsec    1.1392456662156112E-002
 Events wgts > 1:           10
 % Cross section > 1:    1.1480796287757935E-004   1.0077542209043702     
-------------------------------------------------
---------------------------
 Results Last   3 iters: Integral =   0.1139E-01
                     Abs integral =   0.1139E-01
                          Std dev =   0.3129E-03
                  Chi**2 per DoF. =      0.8818
-------------------------------------------------
---------------------------
 Status  0.10000000000000001                4           5

ls status:
events.lhe
ftn26
input_app.txt
input_sg.txt
moffset.dat
multijob.dat
results.dat
run_01_log.txt
run_02_log.txt
run_03_log.txt
run_04_log.txt
run_05_log.txt
run_06_log.txt
run_07_log.txt
run_08_log.txt
run_09_log.txt
run_10_log.txt
run_16_log.txt
run_17_log.txt
run_18_log.txt
run_19_log.txt
run1_app.log
