 Process in group number            1
 No PDF is used, alpha_s(MZ) from param_card is used
 Value of alpha_s from param_card:   0.11799999999999999     
 The default order of alpha_s running is fixed to            2
 Define smin to   28980.976643999998     
 *****************************************************
 *               MadGraph/MadEvent                   *
 *        --------------------------------           *
 *          http://madgraph.hep.uiuc.edu             *
 *          http://madgraph.phys.ucl.ac.be           *
 *          http://madgraph.roma2.infn.it            *
 *        --------------------------------           *
 *                                                   *
 *          PARAMETER AND COUPLING VALUES            *
 *                                                   *
 *****************************************************

  External Params
  ---------------------------------
  
 aEWM1 =    132.50700000000001     
 aS =   0.11799999999999999     
 mdl_MZ =    91.188000000000002     
 mdl_MT =    173.00000000000000     
 mdl_MB =    4.7000000000000002     
 mdl_MH =    125.00000000000000     
 mdl_MTA =    1.7769999999999999     
 mdl_WZ =    2.4414039999999999     
 mdl_WW =    2.0476000000000001     
 mdl_WT =    1.4915000000000000     
 mdl_WH =    6.3823389999999999E-003
 mdl_MW =    80.418999999999997     
  Internal Params
  ---------------------------------
  
 mdl_conjg__CKM3x3 =    1.0000000000000000     
 mdl_CKM3x3 =    1.0000000000000000     
 mdl_conjg__CKM1x1 =    1.0000000000000000     
 mdl_ymtau =                (1.7769999999999999,0.0000000000000000)
 mdl_ymb =                (4.7000000000000002,0.0000000000000000)
 CMASS_mdl_MH =         (125.00000004073425,-3.19116949896008093E-003)
 CMASS_mdl_MT =              (173.00160731255821,-0.74574307143234730)
 mdl_ymt =              (173.00160731255821,-0.74574307143234730)
 CMASS_mdl_MW =               (80.425515588118458,-1.0237170579253749)
 CMASS_mdl_MZ =               (91.196168726742613,-1.2205926578948283)
 mdl_complexi =                (0.0000000000000000,1.0000000000000000)
 mdl_MZ__exp__2 =               (8315.2513440000002,-222.62674795199996)
 mdl_MZ__exp__4 =               (69093842.244990125,-3702394.7302364339)
 mdl_sqrt__2 =                (1.4142135623730951,0.0000000000000000)
 mdl_MH__exp__2 =              (15625.000000000000,-0.79779237500000000)
 mdl_aEW =          (7.54677111397888348E-003,0.0000000000000000)
 Gf =    (1.16533040648424829E-005,3.50198837593820351E-007)
 mdl_sqrt__aEW =          (8.68721538467815552E-002,0.0000000000000000)
 mdl_ee =               (0.30795376724436879,0.0000000000000000)
 mdl_MW__exp__2 =               (6467.2155609999973,-164.66594440000003)
 mdl_sw2 =        (0.22227382624037062,-1.01941650475482039E-003)
 mdl_cw =         (0.88188803587158315,5.77973882901878741E-004)
 mdl_sqrt__sw2 =        (0.47146049153037201,-1.08112612092454465E-003)
 mdl_sw =        (0.47146049153037201,-1.08112612092454465E-003)
 mdl_g1 =        (0.34919810956035874,-2.28858289346364898E-004)
 mdl_gw =         (0.65318760195050374,1.49785229307440441E-003)
 mdl_vev =               (246.24700443049701,-3.6992063978011172)
 mdl_vev__exp__2 =               (60623.903063019687,-1821.8369884573092)
 mdl_lam =         (0.12875223392256610,3.86261316226568568E-003)
 mdl_yb =    (2.69863347493778417E-002,4.05397914947133785E-004)
 mdl_yt =         (0.99340034251135190,1.06403444094279563E-002)
 mdl_ytau =    (1.02031312446051944E-002,1.53274913800224816E-004)
 mdl_muH =         (88.388347677121899,-2.25649759263011002E-003)
 mdl_I1x33 =    (2.69863347493778417E-002,4.05397914947133785E-004)
 mdl_I2x33 =         (0.99340034251135190,1.06403444094279563E-002)
 mdl_I3x33 =         (0.99340034251135190,1.06403444094279563E-002)
 mdl_I4x33 =    (2.69863347493778417E-002,4.05397914947133785E-004)
 mdl_ee__exp__2 =          (9.48355227599988748E-002,0.0000000000000000)
 mdl_sw__exp__2 =        (0.22227382624037065,-1.01941650475482039E-003)
 mdl_cw__exp__2 =         (0.77772617375962949,1.01941650475482039E-003)
  Internal Params evaluated point by point
  ----------------------------------------
  
 mdl_sqrt__aS =               (0.34351128074635334,0.0000000000000000)
 mdl_G__exp__2 =                (1.4828317324943823,0.0000000000000000)
  Couplings of sm
  ---------------------------------
  
         GC_2 =   0.00000E+00   0.20530E+00
         GC_3 =  -0.00000E+00  -0.30795E+00
        GC_51 =  -0.84923E-03   0.28802E+00
        GC_58 =  -0.80904E-04  -0.27439E-01
        GC_59 =   0.24271E-03   0.82316E-01
       GC_100 =  -0.10591E-02   0.46187E+00

 Collider parameters:
 --------------------

 Running at e e   machine @    354.00000000000000       GeV
 PDF set = none   
 alpha_s(Mz)= 0.1180 running at 2 loops.
 alpha_s(Mz)= 0.1180 running at 2 loops.
 Renormalization scale set on event-by-event basis
 Factorization   scale set on event-by-event basis


 getting user params
Enter number of events and max and min iterations: 
 Number of events and iterations         1000           5           3
Enter desired fractional accuracy: 
 Desired fractional accuracy:   0.10000000000000001     
Enter 0 for fixed, 2 for adjustable grid: 
Suppress amplitude (0 no, 1 yes)? 
 Using suppressed amplitude.
Exact helicity sum (0 yes, n = number/event)? 
 Explicitly summing over helicities
Enter Configuration Number: 
Running Configuration Number:    1
 Using dconfig=           4
 BW Setting            1           1           0           0
 Attempting mappinvarients           1           6
 Completed mapping           6
 about to integrate            8        1000           5           3           8           1
 Using non-zero grid deformation.
  8 dimensions   1000 events  8 invarients  5 iterations  1 config(s),  (0.99)
 Using h-tuple random number sequence.
 Error opening grid
 Using Uniform Grid!          24
 Using uniform alpha   1.0000000000000000     
 Grid defined OK
 Set CM energy to        354.00
 Mapping Graph           1  to config           1
 Setting BW          -1           1   173.00000000000000     
 Setting BW          -2           2   173.00000000000000     
Setting grid   3    0.87473E+00   1
   1   1   2   3   4   5   6   7   8
 Masses: 0.000E+00 0.000E+00 0.804E+02 0.470E+01 0.804E+02 0.470E+01
 Got moffset           1
Using random seed offsets     1 :      1
  with seed                  159
 Ranmar initialization seeds       15138       12696
 
 ********************************************
 * You are using the DiscreteSampler module *
 *      part of the MG5_aMC framework       *
 *         Author: Valentin Hirschi         *
 ********************************************
 
  Particle       3       4       5       6
      Et >     0.0     0.0     0.0     0.0
       E >     0.0     0.0     0.0     0.0
     Eta <    -1.0    -1.0    -1.0    -1.0
   xqcut:      0.0     0.0     0.0     0.0
d R # 3  >    -0.0     0.0     0.0     0.0
d R # 4  >    -0.0    -0.0     0.0     0.0
d R # 5  >    -0.0    -0.0    -0.0     0.0
s min # 3>     0.0  7245.2 25868.9     0.0
s min # 4>     0.0     0.0  7245.2     0.0
s min # 5>     0.0     0.0     0.0     0.0
xqcutij # 3>     0.0     0.0     0.0     0.0
xqcutij # 4>     0.0     0.0     0.0     0.0
xqcutij # 5>     0.0     0.0     0.0     0.0
 Requiring BW           -1           1
 Requiring BW           -2           2
 alpha_s for scale    354.00000000000000       is    9.8030208271392735E-002
 Added good helicity            1   1.0413136246446839       in event            1 local:           1
 Added good helicity            2   5.5388838846010536E-005  in event            1 local:           1
 Added good helicity            3   14.672479306894958       in event            1 local:           1
 Added good helicity            4   1.1268982449390915E-003  in event            1 local:           1
 Added good helicity            5  0.25498648977964544       in event            1 local:           1
 Added good helicity            6   7.3414088811853953E-003  in event            1 local:           1
 Added good helicity            7   3.9714316940299173E-005  in event            1 local:           1
 Added good helicity            9   5.5958884979809872E-004  in event            1 local:           1
 Added good helicity           10   4.2978400550793608E-008  in event            1 local:           1
 Added good helicity           11   9.7248456477831918E-006  in event            1 local:           1
 Added good helicity           12   2.7999157237110900E-007  in event            1 local:           1
 Added good helicity           13   2.8769465662656821       in event            1 local:           1
 Added good helicity           14   1.5302856503183354E-004  in event            1 local:           1
 Added good helicity           15   39.962223461901651       in event            1 local:           1
 Added good helicity           16   3.0435257686705652E-003  in event            1 local:           1
 Added good helicity           17  0.69407320936142292       in event            1 local:           1
 Added good helicity           18   1.9983314519142613E-002  in event            1 local:           1
 Added good helicity           19   2.0635746839263485E-004  in event            1 local:           1
 Added good helicity           20   1.0976424672605687E-008  in event            1 local:           1
 Added good helicity           21   2.8227631989936872E-003  in event            1 local:           1
 Added good helicity           22   2.1752581554847623E-007  in event            1 local:           1
 Added good helicity           23   4.9054884691149062E-005  in event            1 local:           1
 Added good helicity           24   1.4123570485963646E-006  in event            1 local:           1
 Added good helicity           25   2.9344455774280694E-002  in event            1 local:           1
 Added good helicity           26   1.5608701292659244E-006  in event            1 local:           1
 Added good helicity           27  0.40708595658553226       in event            1 local:           1
 Added good helicity           28   3.1015099554958123E-005  in event            1 local:           1
 Added good helicity           29   7.0704509017412345E-003  in event            1 local:           1
 Added good helicity           30   2.0356792663362463E-004  in event            1 local:           1
 Added good helicity           31   1.2659438838788428E-003  in event            1 local:           1
 Added good helicity           32   6.7337217254008289E-008  in event            1 local:           1
 Added good helicity           33   1.7562021968187472E-002  in event            1 local:           1
 Added good helicity           34   1.3380168264666055E-006  in event            1 local:           1
 Added good helicity           35   3.0502504950764842E-004  in event            1 local:           1
 Added good helicity           36   8.7820872759754328E-006  in event            1 local:           1
 Added good helicity          109   20.406741632063504       in event            1 local:           1
 Added good helicity          110   1.0854613796263555E-003  in event            1 local:           1
 Added good helicity          111   6.6847522939504795       in event            1 local:           1
 Added good helicity          112   3.0920008211761858E-003  in event            1 local:           1
 Added good helicity          113  0.11626357035255407       in event            1 local:           1
 Added good helicity          114   3.3473867916773703E-003  in event            1 local:           1
 Added good helicity          115   7.7828598965187432E-004  in event            1 local:           1
 Added good helicity          116   4.1398053609108279E-008  in event            1 local:           1
 Added good helicity          117   2.5494756333369626E-004  in event            1 local:           1
 Added good helicity          118   1.1792479968151476E-007  in event            1 local:           1
 Added good helicity          119   4.4341379698816728E-006  in event            1 local:           1
 Added good helicity          120   1.2766488099280145E-007  in event            1 local:           1
 Added good helicity          121   42.419987409686229       in event            1 local:           1
 Added good helicity          122   2.2563748239505001E-003  in event            1 local:           1
 Added good helicity          123   13.493906173614590       in event            1 local:           1
 Added good helicity          124   6.3116845437867419E-003  in event            1 local:           1
 Added good helicity          125  0.23351727999665683       in event            1 local:           1
 Added good helicity          126   6.7232810442593074E-003  in event            1 local:           1
 Added good helicity          127   5.1544925936464142E-003  in event            1 local:           1
 Added good helicity          128   2.7417422844136384E-007  in event            1 local:           1
 Added good helicity          129   1.6391781842907903E-003  in event            1 local:           1
 Added good helicity          130   7.7623572261749333E-007  in event            1 local:           1
 Added good helicity          131   2.8490802193663032E-005  in event            1 local:           1
 Added good helicity          132   8.2028906095145710E-007  in event            1 local:           1
 Added good helicity          133  0.44460911498461264       in event            1 local:           1
 Added good helicity          134   2.3649342557822640E-005  in event            1 local:           1
 Added good helicity          135  0.14125649090162168       in event            1 local:           1
 Added good helicity          136   6.6176483948847452E-005  in event            1 local:           1
 Added good helicity          137   2.4449484806804271E-003  in event            1 local:           1
 Added good helicity          138   7.0393402041102235E-005  in event            1 local:           1
 Added good helicity          139   1.9180801789647550E-002  in event            1 local:           1
 Added good helicity          140   1.0202520298594675E-006  in event            1 local:           1
 Added good helicity          141   6.0939208445578734E-003  in event            1 local:           1
 Added good helicity          142   2.8549077807425631E-006  in event            1 local:           1
 Added good helicity          143   1.0547708225787096E-004  in event            1 local:           1
 Added good helicity          144   3.0368290850179315E-006  in event            1 local:           1
 Added good helicity            8   3.1728475111608959E-008  in event           15 local:          15
 RESET CUMULATIVE VARIABLE
 RESET CUMULATIVE VARIABLE
 Iteration  1   Mean: 0.3105E+00 Abs mean: 0.3105E+00   Fluctuation:  0.803E-01   0.283E+02    91.3%
  1    0.3105E+00 0.3105E+00 +- 0.8026E-01      8.17
 Writing out events   6.8004434136693481E-005   8.1736714743102805     
 Relative summed weights:
  0.1000E+01  0.0000E+00
 Relative number of events:
  0.1000E+01  0.0000E+00
 Events:
        1015           0
 Iteration  2   Mean: 0.3097E+00 Abs mean: 0.3097E+00   Fluctuation:  0.440E-01   0.543E+02    97.3%
  2    0.3097E+00 0.3097E+00 +- 0.4400E-01      6.35
 Relative summed weights:
  0.1000E+01  0.0000E+00
 Relative number of events:
  0.1000E+01  0.0000E+00
 Events:
        2000           0
 Iteration  3   Mean: 0.2782E+00 Abs mean: 0.2782E+00   Fluctuation:  0.101E-01   0.942E+01    97.8%
  3    0.2782E+00 0.2782E+00 +- 0.1011E-01      2.30
 Relative summed weights:
  0.1000E+01  0.0000E+00
 Relative number of events:
  0.1000E+01  0.0000E+00
 Events:
        4000           0
 Accuracy:    0.021   0.100   0.035   0.378
 Finished due to accuracy    2.1458681139438801E-002  0.10000000000000001     

 -------------------------------------------------------------------------------
 Accumulated results:   Integral =  0.2807E+00
                        Std dev  =  0.9792E-02
                       Cross sec =  0.2807E+00
             Chi**2 per DoF.     =      0.3783
 -------------------------------------------------------------------------------
 Found          347  events.
 Wrote          187  events.
 Actual xsec   0.28069479284093846     
 Correct abs xsec   0.28069479284093846     
 Event xsec   0.28069479284093746     
 Events wgts > 1:            7
 % Cross section > 1:    2.6164381508594760E-003  0.93212920851800207     
-------------------------------------------------
---------------------------
 Results Last   3 iters: Integral =   0.2807E+00
                     Abs integral =   0.2807E+00
                          Std dev =   0.9792E-02
                  Chi**2 per DoF. =      0.3163
-------------------------------------------------
---------------------------
 Status  0.10000000000000001                4           5

ls status:
events.lhe
ftn26
input_app.txt
input_sg.txt
moffset.dat
multijob.dat
results.dat
run_01_log.txt
run_03_log.txt
run_04_log.txt
run_05_log.txt
run_06_log.txt
run_07_log.txt
run_08_log.txt
run_09_log.txt
run_10_log.txt
run_11_log.txt
run_12_log.txt
run_13_log.txt
run_14_log.txt
run_15_log.txt
run1_app.log
