 Process in group number            1
 No PDF is used, alpha_s(MZ) from param_card is used
 Value of alpha_s from param_card:   0.11799999999999999     
 The default order of alpha_s running is fixed to            2
 Define smin to   28980.978309442577     
 *****************************************************
 *               MadGraph/MadEvent                   *
 *        --------------------------------           *
 *          http://madgraph.hep.uiuc.edu             *
 *          http://madgraph.phys.ucl.ac.be           *
 *          http://madgraph.roma2.infn.it            *
 *        --------------------------------           *
 *                                                   *
 *          PARAMETER AND COUPLING VALUES            *
 *                                                   *
 *****************************************************

  External Params
  ---------------------------------
  
 aEWM1 =    132.50700000000001     
 mdl_Gf =    1.1663900000000000E-005
 aS =   0.11799999999999999     
 mdl_ymb =    4.7000000000000002     
 mdl_ymt =    173.00000000000000     
 mdl_ymtau =    1.7769999999999999     
 mdl_MZ =    91.188000000000002     
 mdl_MT =    172.00000000000000     
 mdl_MB =    4.7000000000000002     
 mdl_MH =    125.00000000000000     
 mdl_MTA =    1.7769999999999999     
 mdl_WZ =    2.4414039999999999     
 mdl_WW =    2.0476000000000001     
 mdl_WT =    1.3700000000000001     
 mdl_WH =    6.3823389999999999E-003
  Internal Params
  ---------------------------------
  
 mdl_conjg__CKM3x3 =    1.0000000000000000     
 mdl_CKM3x3 =    1.0000000000000000     
 mdl_conjg__CKM1x1 =    1.0000000000000000     
 mdl_complexi =                (0.0000000000000000,1.0000000000000000)
 mdl_MZ__exp__2 =    8315.2513440000002     
 mdl_MZ__exp__4 =    69143404.913893804     
 mdl_sqrt__2 =    1.4142135623730951     
 mdl_MH__exp__2 =    15625.000000000000     
 mdl_aEW =    7.5467711139788835E-003
 mdl_MW =    80.419002445756163     
 mdl_sqrt__aEW =    8.6872153846781555E-002
 mdl_ee =   0.30795376724436879     
 mdl_MW__exp__2 =    6467.2159543705357     
 mdl_sw2 =   0.22224648578577766     
 mdl_cw =   0.88190334743339216     
 mdl_sqrt__sw2 =   0.47143025548407230     
 mdl_sw =   0.47143025548407230     
 mdl_g1 =   0.34919219678733299     
 mdl_gw =   0.65323293034757990     
 mdl_vev =    246.21845810181637     
 mdl_vev__exp__2 =    60623.529110035903     
 mdl_lam =   0.12886910601690263     
 mdl_yb =    2.6995554250465490E-002
 mdl_yt =   0.99366614581500623     
 mdl_ytau =    1.0206617000654717E-002
 mdl_muH =    88.388347648318430     
 mdl_I1x33 =          (2.69955542504654901E-002,0.0000000000000000)
 mdl_I2x33 =               (0.99366614581500623,0.0000000000000000)
 mdl_I3x33 =               (0.99366614581500623,0.0000000000000000)
 mdl_I4x33 =          (2.69955542504654901E-002,0.0000000000000000)
 mdl_ee__exp__2 =    9.4835522759998875E-002
 mdl_sw__exp__2 =   0.22224648578577769     
 mdl_cw__exp__2 =   0.77775351421422245     
  Internal Params evaluated point by point
  ----------------------------------------
  
 mdl_sqrt__aS =   0.34351128074635334     
 mdl_G__exp__2 =    1.4828317324943823     
  Couplings of sm
  ---------------------------------
  
         GC_2 =   0.00000E+00   0.20530E+00
         GC_3 =  -0.00000E+00  -0.30795E+00
        GC_51 =   0.00000E+00   0.28804E+00
        GC_58 =  -0.00000E+00  -0.27437E-01
        GC_59 =   0.00000E+00   0.82310E-01
       GC_100 =   0.00000E+00   0.46191E+00

 Collider parameters:
 --------------------

 Running at e e   machine @    375.00000000000000       GeV
 PDF set = none   
 alpha_s(Mz)= 0.1180 running at 2 loops.
 alpha_s(Mz)= 0.1180 running at 2 loops.
 Renormalization scale set on event-by-event basis
 Factorization   scale set on event-by-event basis


 getting user params
Enter number of events and max and min iterations: 
 Number of events and iterations         1000           5           3
Enter desired fractional accuracy: 
 Desired fractional accuracy:   0.10000000000000001     
Enter 0 for fixed, 2 for adjustable grid: 
Suppress amplitude (0 no, 1 yes)? 
 Using suppressed amplitude.
Exact helicity sum (0 yes, n = number/event)? 
 Explicitly summing over helicities
Enter Configuration Number: 
Running Configuration Number:    1
 Not subdividing B.W.
 Attempting mappinvarients           1           6
 Completed mapping           6
 about to integrate            8        1000           5           3           8           1
 Using non-zero grid deformation.
  8 dimensions   1000 events  8 invarients  5 iterations  1 config(s),  (0.99)
 Using h-tuple random number sequence.
 Error opening grid
 Using Uniform Grid!          24
 Using uniform alpha   1.0000000000000000     
 Grid defined OK
 Set CM energy to        375.00
 Mapping Graph           1  to config           1
 Setting BW          -1           1   172.00000000000000     
 Setting BW          -2           2   172.00000000000000     
Setting grid   3    0.65243E+00   1
   1   1   2   3   4   5   6   7   8
 Masses: 0.000E+00 0.000E+00 0.804E+02 0.470E+01 0.804E+02 0.470E+01
Using random seed offsets     1 :      1
  with seed                  348
 Ranmar initialization seeds        4881        9736
 
 ********************************************
 * You are using the DiscreteSampler module *
 *      part of the MG5_aMC framework       *
 *         Author: Valentin Hirschi         *
 ********************************************
 
  Particle       3       4       5       6
      Et >     0.0     0.0     0.0     0.0
       E >     0.0     0.0     0.0     0.0
     Eta <    -1.0    -1.0    -1.0    -1.0
   xqcut:      0.0     0.0     0.0     0.0
d R # 3  >    -0.0     0.0     0.0     0.0
d R # 4  >    -0.0    -0.0     0.0     0.0
d R # 5  >    -0.0    -0.0    -0.0     0.0
s min # 3>     0.0  7245.2 25868.9     0.0
s min # 4>     0.0     0.0  7245.2     0.0
s min # 5>     0.0     0.0     0.0     0.0
xqcutij # 3>     0.0     0.0     0.0     0.0
xqcutij # 4>     0.0     0.0     0.0     0.0
xqcutij # 5>     0.0     0.0     0.0     0.0
 No cut BW           -1           1
 No cut BW           -2           2
 alpha_s for scale    375.00000000000000       is    9.7332957084556013E-002
 Added good helicity            1   8.2080635622390261       in event            1 local:           1
 Added good helicity            2   2.6518104113625682E-003  in event            1 local:           1
 Added good helicity            3   4.4339533394834287       in event            1 local:           1
 Added good helicity            4   2.4215888390975225E-003  in event            1 local:           1
 Added good helicity            5  0.22256657090657200       in event            1 local:           1
 Added good helicity            6   1.7436567512844135E-003  in event            1 local:           1
 Added good helicity            7   2.1512647712473290E-003  in event            1 local:           1
 Added good helicity            8   6.9501731738965945E-007  in event            1 local:           1
 Added good helicity            9   1.1621020651530107E-003  in event            1 local:           1
 Added good helicity           10   6.3467816988677874E-007  in event            1 local:           1
 Added good helicity           11   5.8332835706991100E-005  in event            1 local:           1
 Added good helicity           12   4.5699784288250513E-007  in event            1 local:           1
 Added good helicity           13   7.0738012345342778       in event            1 local:           1
 Added good helicity           14   2.2853599535881766E-003  in event            1 local:           1
 Added good helicity           15   3.4779848399478608       in event            1 local:           1
 Added good helicity           16   1.7546221652972292E-003  in event            1 local:           1
 Added good helicity           17  0.16882933611826212       in event            1 local:           1
 Added good helicity           18   1.3226622962216857E-003  in event            1 local:           1
 Added good helicity           19   4.6149028818059396E-003  in event            1 local:           1
 Added good helicity           20   1.4909542813118556E-006  in event            1 local:           1
 Added good helicity           21   2.2104335165642878E-003  in event            1 local:           1
 Added good helicity           22   1.2141845308813130E-006  in event            1 local:           1
 Added good helicity           23   1.0952264169938639E-004  in event            1 local:           1
 Added good helicity           24   8.5803493687200388E-007  in event            1 local:           1
 Added good helicity           25   1.2801802199596728       in event            1 local:           1
 Added good helicity           26   4.1359270794723670E-004  in event            1 local:           1
 Added good helicity           27  0.61487853832919093       in event            1 local:           1
 Added good helicity           28   3.2083113744378540E-004  in event            1 local:           1
 Added good helicity           29   3.0034332281787070E-002  in event            1 local:           1
 Added good helicity           30   2.3529843695817591E-004  in event            1 local:           1
 Added good helicity           31   3.1201984528077108E-003  in event            1 local:           1
 Added good helicity           32   1.0080544186740921E-006  in event            1 local:           1
 Added good helicity           33   1.4986507634212991E-003  in event            1 local:           1
 Added good helicity           34   7.8196554130181153E-007  in event            1 local:           1
 Added good helicity           35   7.3203034741231061E-005  in event            1 local:           1
 Added good helicity           36   5.7349567467000917E-007  in event            1 local:           1
 Added good helicity          109   2.9921964969570340       in event            1 local:           1
 Added good helicity          110   9.6670033843022527E-004  in event            1 local:           1
 Added good helicity          111   21.112454555936104       in event            1 local:           1
 Added good helicity          112   9.0881222712267049E-003  in event            1 local:           1
 Added good helicity          113   1.1072705453806391       in event            1 local:           1
 Added good helicity          114   8.6747068712389203E-003  in event            1 local:           1
 Added good helicity          115   7.8422966193471234E-004  in event            1 local:           1
 Added good helicity          116   2.5336406896080707E-007  in event            1 local:           1
 Added good helicity          117   5.5333976615010699E-003  in event            1 local:           1
 Added good helicity          118   2.3819207941836540E-006  in event            1 local:           1
 Added good helicity          119   2.9020634385382485E-004  in event            1 local:           1
 Added good helicity          120   2.2735680774751299E-006  in event            1 local:           1
 Added good helicity          121   9.7427636748148085       in event            1 local:           1
 Added good helicity          122   3.1476318320896764E-003  in event            1 local:           1
 Added good helicity          123   67.892387181454140       in event            1 local:           1
 Added good helicity          124   2.7861702125929338E-002  in event            1 local:           1
 Added good helicity          125   3.5246633801852343       in event            1 local:           1
 Added good helicity          126   2.7613325189993515E-002  in event            1 local:           1
 Added good helicity          127   3.2612504949976035E-003  in event            1 local:           1
 Added good helicity          128   1.0536246401017000E-006  in event            1 local:           1
 Added good helicity          129   2.0528112127701649E-002  in event            1 local:           1
 Added good helicity          130   8.6243552183063302E-006  in event            1 local:           1
 Added good helicity          131   1.0699853940212714E-003  in event            1 local:           1
 Added good helicity          132   8.3826032295032856E-006  in event            1 local:           1
 Added good helicity          133   1.4724141136241620       in event            1 local:           1
 Added good helicity          134   4.7569844540539083E-004  in event            1 local:           1
 Added good helicity          135   9.9536450990255272       in event            1 local:           1
 Added good helicity          136   4.1054175534904168E-003  in event            1 local:           1
 Added good helicity          137  0.51715187438280075       in event            1 local:           1
 Added good helicity          138   4.0515309802993081E-003  in event            1 local:           1
 Added good helicity          139   3.5887324046977335E-003  in event            1 local:           1
 Added good helicity          140   1.1594254701136463E-006  in event            1 local:           1
 Added good helicity          141   2.4260137403743737E-002  in event            1 local:           1
 Added good helicity          142   1.0006182956751156E-005  in event            1 local:           1
 Added good helicity          143   1.2604604048378867E-003  in event            1 local:           1
 Added good helicity          144   9.8748445719858412E-006  in event            1 local:           1
 RESET CUMULATIVE VARIABLE
 RESET CUMULATIVE VARIABLE
 Iteration  1   Mean: 0.3685E+00 Abs mean: 0.3685E+00   Fluctuation:  0.610E-01   0.349E+02    97.3%
  1    0.3685E+00 0.3685E+00 +- 0.6098E-01      5.23
 Writing out events   7.5772246508456801E-005   5.2328030316608221     
 Relative summed weights:
  0.1000E+01  0.0000E+00
 Relative number of events:
  0.1000E+01  0.0000E+00
 Events:
        1015           0
 Iteration  2   Mean: 0.5382E+00 Abs mean: 0.5382E+00   Fluctuation:  0.363E-01   0.300E+02    97.9%
  2    0.5382E+00 0.5382E+00 +- 0.3633E-01      3.02
 Relative summed weights:
  0.1000E+01  0.0000E+00
 Relative number of events:
  0.1000E+01  0.0000E+00
 Events:
        2000           0
 Iteration  3   Mean: 0.5564E+00 Abs mean: 0.5564E+00   Fluctuation:  0.157E-01   0.382E+02    98.4%
  3    0.5564E+00 0.5564E+00 +- 0.1569E-01      1.78
 Relative summed weights:
  0.1000E+01  0.0000E+00
 Relative number of events:
  0.1000E+01  0.0000E+00
 Events:
        4000           0
 Accuracy:    0.037   0.100   0.026   2.127
 Finished due to accuracy    3.7483660417565311E-002  0.10000000000000001     

 -------------------------------------------------------------------------------
 Accumulated results:   Integral =  0.5492E+00
                        Std dev  =  0.1412E-01
                       Cross sec =  0.5492E+00
             Chi**2 per DoF.     =      2.1270
 -------------------------------------------------------------------------------
 Found          399  events.
 Wrote           65  events.
 Actual xsec   0.54920126060066621     
 Correct abs xsec   0.54920126060066621     
 Event xsec   0.54920126060066643     
 Events wgts > 1:            0
 % Cross section > 1:    0.0000000000000000        0.0000000000000000     
-------------------------------------------------
---------------------------
 Results Last   3 iters: Integral =   0.5492E+00
                     Abs integral =   0.5492E+00
                          Std dev =   0.1412E-01
                  Chi**2 per DoF. =      4.5380
-------------------------------------------------
---------------------------
 Status  0.10000000000000001                4           5

ls status:
events.lhe
ftn26
input_app.txt
multijob.dat
results.dat
run_15_log.txt
run_16_log.txt
run_17_log.txt
run_18_log.txt
run_19_log.txt
run1_app.log
run_20_log.txt
run_21_log.txt
run_22_log.txt
run_23_log.txt
run_24_log.txt
run_25_log.txt
run_26_log.txt
run_27_log.txt
run_28_log.txt
run_29_log.txt
run_30_log.txt
run_31_log.txt
run_32_log.txt
run_33_log.txt
run_34_log.txt
run_35_log.txt
run_36_log.txt
