 Process in group number            1
 No PDF is used, alpha_s(MZ) from param_card is used
 Value of alpha_s from param_card:   0.11799999999999999     
 The default order of alpha_s running is fixed to            2
 Define smin to   28980.976643999998     
 *****************************************************
 *               MadGraph/MadEvent                   *
 *        --------------------------------           *
 *          http://madgraph.hep.uiuc.edu             *
 *          http://madgraph.phys.ucl.ac.be           *
 *          http://madgraph.roma2.infn.it            *
 *        --------------------------------           *
 *                                                   *
 *          PARAMETER AND COUPLING VALUES            *
 *                                                   *
 *****************************************************

  External Params
  ---------------------------------
  
 aEWM1 =    132.50700000000001     
 aS =   0.11799999999999999     
 mdl_MZ =    91.188000000000002     
 mdl_MT =    173.09999999999999     
 mdl_MB =    4.7000000000000002     
 mdl_MH =    125.00000000000000     
 mdl_MTA =    1.7769999999999999     
 mdl_WZ =    2.4414039999999999     
 mdl_WW =    2.0476000000000001     
 mdl_WT =    1.4199999999999999     
 mdl_WH =    6.3823389999999999E-003
 mdl_MW =    80.418999999999997     
  Internal Params
  ---------------------------------
  
 mdl_conjg__CKM3x3 =    1.0000000000000000     
 mdl_CKM3x3 =    1.0000000000000000     
 mdl_conjg__CKM1x1 =    1.0000000000000000     
 mdl_ymtau =                (1.7769999999999999,0.0000000000000000)
 mdl_ymb =                (4.7000000000000002,0.0000000000000000)
 CMASS_mdl_MH =         (125.00000004073425,-3.19116949896008093E-003)
 CMASS_mdl_MT =              (173.10145606412280,-0.70999402774794218)
 mdl_ymt =              (173.10145606412280,-0.70999402774794218)
 CMASS_mdl_MW =               (80.425515588118458,-1.0237170579253749)
 CMASS_mdl_MZ =               (91.196168726742613,-1.2205926578948283)
 mdl_complexi =                (0.0000000000000000,1.0000000000000000)
 mdl_MZ__exp__2 =               (8315.2513440000002,-222.62674795199996)
 mdl_MZ__exp__4 =               (69093842.244990125,-3702394.7302364339)
 mdl_sqrt__2 =                (1.4142135623730951,0.0000000000000000)
 mdl_MH__exp__2 =              (15625.000000000000,-0.79779237500000000)
 mdl_aEW =          (7.54677111397888348E-003,0.0000000000000000)
 Gf =    (1.16533040648424829E-005,3.50198837593820351E-007)
 mdl_sqrt__aEW =          (8.68721538467815552E-002,0.0000000000000000)
 mdl_ee =               (0.30795376724436879,0.0000000000000000)
 mdl_MW__exp__2 =               (6467.2155609999973,-164.66594440000003)
 mdl_sw2 =        (0.22227382624037062,-1.01941650475482039E-003)
 mdl_cw =         (0.88188803587158315,5.77973882901878741E-004)
 mdl_sqrt__sw2 =        (0.47146049153037201,-1.08112612092454465E-003)
 mdl_sw =        (0.47146049153037201,-1.08112612092454465E-003)
 mdl_g1 =        (0.34919810956035874,-2.28858289346364898E-004)
 mdl_gw =         (0.65318760195050374,1.49785229307440441E-003)
 mdl_vev =               (246.24700443049701,-3.6992063978011172)
 mdl_vev__exp__2 =               (60623.903063019687,-1821.8369884573092)
 mdl_lam =         (0.12875223392256610,3.86261316226568568E-003)
 mdl_yb =    (2.69863347493778417E-002,4.05397914947133785E-004)
 mdl_yt =         (0.99397056788289628,1.08542197574134566E-002)
 mdl_ytau =    (1.02031312446051944E-002,1.53274913800224816E-004)
 mdl_muH =         (88.388347677121899,-2.25649759263011002E-003)
 mdl_I1x33 =    (2.69863347493778417E-002,4.05397914947133785E-004)
 mdl_I2x33 =         (0.99397056788289628,1.08542197574134566E-002)
 mdl_I3x33 =         (0.99397056788289628,1.08542197574134566E-002)
 mdl_I4x33 =    (2.69863347493778417E-002,4.05397914947133785E-004)
 mdl_ee__exp__2 =          (9.48355227599988748E-002,0.0000000000000000)
 mdl_sw__exp__2 =        (0.22227382624037065,-1.01941650475482039E-003)
 mdl_cw__exp__2 =         (0.77772617375962949,1.01941650475482039E-003)
  Internal Params evaluated point by point
  ----------------------------------------
  
 mdl_sqrt__aS =               (0.34351128074635334,0.0000000000000000)
 mdl_G__exp__2 =                (1.4828317324943823,0.0000000000000000)
  Couplings of sm
  ---------------------------------
  
         GC_2 =   0.00000E+00   0.20530E+00
         GC_3 =  -0.00000E+00  -0.30795E+00
        GC_51 =  -0.84923E-03   0.28802E+00
        GC_58 =  -0.80904E-04  -0.27439E-01
        GC_59 =   0.24271E-03   0.82316E-01
       GC_100 =  -0.10591E-02   0.46187E+00

 Collider parameters:
 --------------------

 Running at e e   machine @    375.00000000000000       GeV
 PDF set = none   
 alpha_s(Mz)= 0.1180 running at 2 loops.
 alpha_s(Mz)= 0.1180 running at 2 loops.
 Renormalization scale set on event-by-event basis
 Factorization   scale set on event-by-event basis


 getting user params
Enter number of events and max and min iterations: 
 Number of events and iterations         1000           5           3
Enter desired fractional accuracy: 
 Desired fractional accuracy:   0.10000000000000001     
Enter 0 for fixed, 2 for adjustable grid: 
Suppress amplitude (0 no, 1 yes)? 
 Using suppressed amplitude.
Exact helicity sum (0 yes, n = number/event)? 
 Explicitly summing over helicities
Enter Configuration Number: 
Running Configuration Number:    2
 Using dconfig=          22
 BW Setting            1           1           2           0
 Attempting mappinvarients           1           6
 Completed mapping           6
 about to integrate            8        1000           5           3           8           1
 Using non-zero grid deformation.
  8 dimensions   1000 events  8 invarients  5 iterations  1 config(s),  (0.99)
 Using h-tuple random number sequence.
 Error opening grid
 Using Uniform Grid!          24
 Using uniform alpha   1.0000000000000000     
 Grid defined OK
 Set CM energy to        375.00
 Mapping Graph           2  to config           2
 Setting BW          -1           1   173.09999999999999     
 Setting BW          -2           2   173.09999999999999     
Setting grid   3    0.78382E+00   1
   2   1   2   3   4   5   6   7   8
 Masses: 0.000E+00 0.000E+00 0.804E+02 0.470E+01 0.804E+02 0.470E+01
 Got moffset           1
Using random seed offsets     2 :      1
  with seed                  384
 Ranmar initialization seeds       18685       12930
 
 ********************************************
 * You are using the DiscreteSampler module *
 *      part of the MG5_aMC framework       *
 *         Author: Valentin Hirschi         *
 ********************************************
 
  Particle       3       4       5       6
      Et >     0.0     0.0     0.0     0.0
       E >     0.0     0.0     0.0     0.0
     Eta <    -1.0    -1.0    -1.0    -1.0
   xqcut:      0.0     0.0     0.0     0.0
d R # 3  >    -0.0     0.0     0.0     0.0
d R # 4  >    -0.0    -0.0     0.0     0.0
d R # 5  >    -0.0    -0.0    -0.0     0.0
s min # 3>     0.0  7245.2 25868.9     0.0
s min # 4>     0.0     0.0  7245.2     0.0
s min # 5>     0.0     0.0     0.0     0.0
xqcutij # 3>     0.0     0.0     0.0     0.0
xqcutij # 4>     0.0     0.0     0.0     0.0
xqcutij # 5>     0.0     0.0     0.0     0.0
 Requiring BW           -1           1
 Requiring BW           -2           2
 Excluding BW           -3           3
 alpha_s for scale    375.00000000000000       is    9.7332957084556013E-002
 Added good helicity            1   4.7445054584940349       in event            1 local:           1
 Added good helicity            2   1.2482364701021933E-003  in event            1 local:           1
 Added good helicity            3   15.268634655491896       in event            1 local:           1
 Added good helicity            4   7.7452820976020029E-003  in event            1 local:           1
 Added good helicity            5   2.2502296912460067       in event            1 local:           1
 Added good helicity            6   6.3764354706938725E-003  in event            1 local:           1
 Added good helicity            7   9.7063889143519510E-004  in event            1 local:           1
 Added good helicity            8   2.5536631250363171E-007  in event            1 local:           1
 Added good helicity            9   3.1236829097125332E-003  in event            1 local:           1
 Added good helicity           10   1.5845428137531394E-006  in event            1 local:           1
 Added good helicity           11   4.6035576775980042E-004  in event            1 local:           1
 Added good helicity           12   1.3045018728984423E-006  in event            1 local:           1
 Added good helicity           13   7.9002612886863322       in event            1 local:           1
 Added good helicity           14   2.0784872839001776E-003  in event            1 local:           1
 Added good helicity           15   28.504915026174661       in event            1 local:           1
 Added good helicity           16   1.3935295068151273E-002  in event            1 local:           1
 Added good helicity           17   4.1552032172632218       in event            1 local:           1
 Added good helicity           18   1.1774524745439371E-002  in event            1 local:           1
 Added good helicity           19   4.1570916156079525E-003  in event            1 local:           1
 Added good helicity           20   1.0936932014416851E-006  in event            1 local:           1
 Added good helicity           21   1.4423991102280107E-002  in event            1 local:           1
 Added good helicity           22   7.1474686310509236E-006  in event            1 local:           1
 Added good helicity           23   2.1111772147326662E-003  in event            1 local:           1
 Added good helicity           24   5.9824049648407008E-006  in event            1 local:           1
 Added good helicity           25  0.18863240735442247       in event            1 local:           1
 Added good helicity           26   4.9627480116273409E-005  in event            1 local:           1
 Added good helicity           27  0.67725506736809926       in event            1 local:           1
 Added good helicity           28   3.3168289649531215E-004  in event            1 local:           1
 Added good helicity           29   9.8777917333377790E-002  in event            1 local:           1
 Added good helicity           30   2.7990521067964978E-004  in event            1 local:           1
 Added good helicity           31   3.8682888429122497E-003  in event            1 local:           1
 Added good helicity           32   1.0177118042867893E-006  in event            1 local:           1
 Added good helicity           33   1.3888484262321962E-002  in event            1 local:           1
 Added good helicity           34   6.8018283066647953E-006  in event            1 local:           1
 Added good helicity           35   2.0256408795593719E-003  in event            1 local:           1
 Added good helicity           36   5.7400221877606578E-006  in event            1 local:           1
 Added good helicity          109   11.760756155198209       in event            1 local:           1
 Added good helicity          110   3.0941485634957888E-003  in event            1 local:           1
 Added good helicity          111   6.5853456423647785       in event            1 local:           1
 Added good helicity          112   1.0528983814054626E-003  in event            1 local:           1
 Added good helicity          113  0.59470548933244016       in event            1 local:           1
 Added good helicity          114   1.6852062665193715E-003  in event            1 local:           1
 Added good helicity          115   2.4060352373468721E-003  in event            1 local:           1
 Added good helicity          116   6.3300610735531395E-007  in event            1 local:           1
 Added good helicity          117   1.3472410665223327E-003  in event            1 local:           1
 Added good helicity          118   2.1540371839843943E-007  in event            1 local:           1
 Added good helicity          119   1.2166584735667871E-004  in event            1 local:           1
 Added good helicity          120   3.4476232700830399E-007  in event            1 local:           1
 Added good helicity          121   33.595415373176735       in event            1 local:           1
 Added good helicity          122   8.8386499001608786E-003  in event            1 local:           1
 Added good helicity          123   24.138545409819194       in event            1 local:           1
 Added good helicity          124   2.9183538272203476E-003  in event            1 local:           1
 Added good helicity          125   2.1967257184495765       in event            1 local:           1
 Added good helicity          126   6.2248222237042683E-003  in event            1 local:           1
 Added good helicity          127   2.3628414826649979E-003  in event            1 local:           1
 Added good helicity          128   6.2164222120401123E-007  in event            1 local:           1
 Added good helicity          129   2.0848849263076594E-003  in event            1 local:           1
 Added good helicity          130   2.5499827746990253E-007  in event            1 local:           1
 Added good helicity          131   1.9689651240604761E-004  in event            1 local:           1
 Added good helicity          132   5.5794211170799923E-007  in event            1 local:           1
 Added good helicity          133  0.66571418895195600       in event            1 local:           1
 Added good helicity          134   1.7514338145120257E-004  in event            1 local:           1
 Added good helicity          135  0.48417371800748693       in event            1 local:           1
 Added good helicity          136   5.8267599108620105E-005  in event            1 local:           1
 Added good helicity          137   4.4135847430174818E-002  in event            1 local:           1
 Added good helicity          138   1.2506695835440016E-004  in event            1 local:           1
 Added good helicity          139   1.3651815219919840E-002  in event            1 local:           1
 Added good helicity          140   3.5916690980073287E-006  in event            1 local:           1
 Added good helicity          141   9.9289608698077663E-003  in event            1 local:           1
 Added good helicity          142   1.1948949106696223E-006  in event            1 local:           1
 Added good helicity          143   9.0509477444051384E-004  in event            1 local:           1
 Added good helicity          144   2.5647508103434791E-006  in event            1 local:           1
 RESET CUMULATIVE VARIABLE
 RESET CUMULATIVE VARIABLE
 Iteration  1   Mean: 0.3439E-01 Abs mean: 0.3439E-01   Fluctuation:  0.847E-02   0.418E+01    90.7%
  1    0.3439E-01 0.3439E-01 +- 0.8468E-02      7.79
 Writing out events   7.5861935760726719E-006   7.7870185501719353     
 Relative summed weights:
  0.1000E+01  0.0000E+00
 Relative number of events:
  0.1000E+01  0.0000E+00
 Events:
        1015           0
 Iteration  2   Mean: 0.4301E-01 Abs mean: 0.4301E-01   Fluctuation:  0.491E-02   0.539E+01    96.3%
  2    0.4301E-01 0.4301E-01 +- 0.4908E-02      5.10
 Relative summed weights:
  0.1000E+01  0.0000E+00
 Relative number of events:
  0.1000E+01  0.0000E+00
 Events:
        2000           0
 Iteration  3   Mean: 0.4637E-01 Abs mean: 0.4637E-01   Fluctuation:  0.177E-02   0.272E+01    97.3%
  3    0.4637E-01 0.4637E-01 +- 0.1769E-02      2.41
 Relative summed weights:
  0.1000E+01  0.0000E+00
 Relative number of events:
  0.1000E+01  0.0000E+00
 Events:
        4000           0
 Accuracy:    0.030   0.100   0.036   0.707
 Finished due to accuracy    3.0106686420086168E-002  0.10000000000000001     

 -------------------------------------------------------------------------------
 Accumulated results:   Integral =  0.4578E-01
                        Std dev  =  0.1639E-02
                       Cross sec =  0.4578E-01
             Chi**2 per DoF.     =      0.7075
 -------------------------------------------------------------------------------
 Found          419  events.
 Wrote          140  events.
 Actual xsec    4.5782239290388868E-002
 Correct abs xsec    4.5782239290388868E-002
 Event xsec    4.5782239290388840E-002
 Events wgts > 1:            4
 % Cross section > 1:    4.1758068461327896E-004  0.91210192224245901     
-------------------------------------------------
---------------------------
 Results Last   3 iters: Integral =   0.4578E-01
                     Abs integral =   0.4578E-01
                          Std dev =   0.1639E-02
                  Chi**2 per DoF. =      1.1193
-------------------------------------------------
---------------------------
 Status  0.10000000000000001                4           5

ls status:
events.lhe
ftn26
input_app.txt
input_sg.txt
moffset.dat
results.dat
run_01_log.txt
run_02_log.txt
run_03_log.txt
run_04_log.txt
run_05_log.txt
run_06_log.txt
run_07_log.txt
run1_app.log
