 Process in group number            1
 No PDF is used, alpha_s(MZ) from param_card is used
 Value of alpha_s from param_card:   0.11799999999999999     
 The default order of alpha_s running is fixed to            2
 Define smin to   28980.976643999998     
 *****************************************************
 *               MadGraph/MadEvent                   *
 *        --------------------------------           *
 *          http://madgraph.hep.uiuc.edu             *
 *          http://madgraph.phys.ucl.ac.be           *
 *          http://madgraph.roma2.infn.it            *
 *        --------------------------------           *
 *                                                   *
 *          PARAMETER AND COUPLING VALUES            *
 *                                                   *
 *****************************************************

  External Params
  ---------------------------------
  
 aEWM1 =    132.50700000000001     
 aS =   0.11799999999999999     
 mdl_MZ =    91.188000000000002     
 mdl_MT =    173.00000000000000     
 mdl_MB =    4.7000000000000002     
 mdl_MH =    125.00000000000000     
 mdl_MTA =    1.7769999999999999     
 mdl_WZ =    2.4414039999999999     
 mdl_WW =    2.0476000000000001     
 mdl_WT =    1.4915000000000000     
 mdl_WH =    6.3823389999999999E-003
 mdl_MW =    80.418999999999997     
  Internal Params
  ---------------------------------
  
 mdl_conjg__CKM3x3 =    1.0000000000000000     
 mdl_CKM3x3 =    1.0000000000000000     
 mdl_conjg__CKM1x1 =    1.0000000000000000     
 mdl_ymtau =                (1.7769999999999999,0.0000000000000000)
 mdl_ymb =                (4.7000000000000002,0.0000000000000000)
 CMASS_mdl_MH =         (125.00000004073425,-3.19116949896008093E-003)
 CMASS_mdl_MT =              (173.00160731255821,-0.74574307143234730)
 mdl_ymt =              (173.00160731255821,-0.74574307143234730)
 CMASS_mdl_MW =               (80.425515588118458,-1.0237170579253749)
 CMASS_mdl_MZ =               (91.196168726742613,-1.2205926578948283)
 mdl_complexi =                (0.0000000000000000,1.0000000000000000)
 mdl_MZ__exp__2 =               (8315.2513440000002,-222.62674795199996)
 mdl_MZ__exp__4 =               (69093842.244990125,-3702394.7302364339)
 mdl_sqrt__2 =                (1.4142135623730951,0.0000000000000000)
 mdl_MH__exp__2 =              (15625.000000000000,-0.79779237500000000)
 mdl_aEW =          (7.54677111397888348E-003,0.0000000000000000)
 Gf =    (1.16533040648424829E-005,3.50198837593820351E-007)
 mdl_sqrt__aEW =          (8.68721538467815552E-002,0.0000000000000000)
 mdl_ee =               (0.30795376724436879,0.0000000000000000)
 mdl_MW__exp__2 =               (6467.2155609999973,-164.66594440000003)
 mdl_sw2 =        (0.22227382624037062,-1.01941650475482039E-003)
 mdl_cw =         (0.88188803587158315,5.77973882901878741E-004)
 mdl_sqrt__sw2 =        (0.47146049153037201,-1.08112612092454465E-003)
 mdl_sw =        (0.47146049153037201,-1.08112612092454465E-003)
 mdl_g1 =        (0.34919810956035874,-2.28858289346364898E-004)
 mdl_gw =         (0.65318760195050374,1.49785229307440441E-003)
 mdl_vev =               (246.24700443049701,-3.6992063978011172)
 mdl_vev__exp__2 =               (60623.903063019687,-1821.8369884573092)
 mdl_lam =         (0.12875223392256610,3.86261316226568568E-003)
 mdl_yb =    (2.69863347493778417E-002,4.05397914947133785E-004)
 mdl_yt =         (0.99340034251135190,1.06403444094279563E-002)
 mdl_ytau =    (1.02031312446051944E-002,1.53274913800224816E-004)
 mdl_muH =         (88.388347677121899,-2.25649759263011002E-003)
 mdl_I1x33 =    (2.69863347493778417E-002,4.05397914947133785E-004)
 mdl_I2x33 =         (0.99340034251135190,1.06403444094279563E-002)
 mdl_I3x33 =         (0.99340034251135190,1.06403444094279563E-002)
 mdl_I4x33 =    (2.69863347493778417E-002,4.05397914947133785E-004)
 mdl_ee__exp__2 =          (9.48355227599988748E-002,0.0000000000000000)
 mdl_sw__exp__2 =        (0.22227382624037065,-1.01941650475482039E-003)
 mdl_cw__exp__2 =         (0.77772617375962949,1.01941650475482039E-003)
  Internal Params evaluated point by point
  ----------------------------------------
  
 mdl_sqrt__aS =               (0.34351128074635334,0.0000000000000000)
 mdl_G__exp__2 =                (1.4828317324943823,0.0000000000000000)
  Couplings of sm
  ---------------------------------
  
         GC_2 =   0.00000E+00   0.20530E+00
         GC_3 =  -0.00000E+00  -0.30795E+00
        GC_51 =  -0.84923E-03   0.28802E+00
        GC_58 =  -0.80904E-04  -0.27439E-01
        GC_59 =   0.24271E-03   0.82316E-01
       GC_100 =  -0.10591E-02   0.46187E+00

 Collider parameters:
 --------------------

 Running at e e   machine @    375.00000000000000       GeV
 PDF set = none   
 alpha_s(Mz)= 0.1180 running at 2 loops.
 alpha_s(Mz)= 0.1180 running at 2 loops.
 Renormalization scale set on event-by-event basis
 Factorization   scale set on event-by-event basis


 getting user params
Enter number of events and max and min iterations: 
 Number of events and iterations         1000           5           3
Enter desired fractional accuracy: 
 Desired fractional accuracy:   0.10000000000000001     
Enter 0 for fixed, 2 for adjustable grid: 
Suppress amplitude (0 no, 1 yes)? 
 Using suppressed amplitude.
Exact helicity sum (0 yes, n = number/event)? 
 Explicitly summing over helicities
Enter Configuration Number: 
Running Configuration Number:    2
 Using dconfig=          25
 BW Setting            1           2           2           0
 Attempting mappinvarients           1           6
 Completed mapping           6
 about to integrate            8        1000           5           3           8           1
 Using non-zero grid deformation.
  8 dimensions   1000 events  8 invarients  5 iterations  1 config(s),  (0.99)
 Using h-tuple random number sequence.
 Error opening grid
 Using Uniform Grid!          24
 Using uniform alpha   1.0000000000000000     
 Grid defined OK
 Set CM energy to        375.00
 Mapping Graph           2  to config           2
 Setting BW          -1           1   173.00000000000000     
Setting grid   2    0.51522E-01   1
Setting grid   3    0.44680E+00   1
   2   1   2   3   4   5   6   7   8
 Masses: 0.000E+00 0.000E+00 0.804E+02 0.470E+01 0.804E+02 0.470E+01
Using random seed offsets     2 :      1
  with seed                  348
 Ranmar initialization seeds        4882        9736
 
 ********************************************
 * You are using the DiscreteSampler module *
 *      part of the MG5_aMC framework       *
 *         Author: Valentin Hirschi         *
 ********************************************
 
  Particle       3       4       5       6
      Et >     0.0     0.0     0.0     0.0
       E >     0.0     0.0     0.0     0.0
     Eta <    -1.0    -1.0    -1.0    -1.0
   xqcut:      0.0     0.0     0.0     0.0
d R # 3  >    -0.0     0.0     0.0     0.0
d R # 4  >    -0.0    -0.0     0.0     0.0
d R # 5  >    -0.0    -0.0    -0.0     0.0
s min # 3>     0.0  7245.2 25868.9     0.0
s min # 4>     0.0     0.0  7245.2     0.0
s min # 5>     0.0     0.0     0.0     0.0
xqcutij # 3>     0.0     0.0     0.0     0.0
xqcutij # 4>     0.0     0.0     0.0     0.0
xqcutij # 5>     0.0     0.0     0.0     0.0
 Requiring BW           -1           1
 Excluding BW           -2           2
 Excluding BW           -3           3
 alpha_s for scale    375.00000000000000       is    9.7332957084556013E-002
 Added good helicity            1   13.113211092057814       in event            1 local:           1
 Added good helicity            2   9.3878341694748739E-004  in event            1 local:           1
 Added good helicity            3   5.5052454330500833       in event            1 local:           1
 Added good helicity            4   4.0810627506028723E-003  in event            1 local:           1
 Added good helicity            5   2.8650610369312468       in event            1 local:           1
 Added good helicity            6   4.6382351850373241E-003  in event            1 local:           1
 Added good helicity            7   9.8975537805486180E-002  in event            1 local:           1
 Added good helicity            8   7.0857239255094201E-006  in event            1 local:           1
 Added good helicity            9   4.1552341654695513E-002  in event            1 local:           1
 Added good helicity           10   3.0802934363155221E-005  in event            1 local:           1
 Added good helicity           11   2.1624829722108455E-002  in event            1 local:           1
 Added good helicity           12   3.5008345300369685E-005  in event            1 local:           1
 Added good helicity           13   7.3325892734006803       in event            1 local:           1
 Added good helicity           14   5.2494489449077806E-004  in event            1 local:           1
 Added good helicity           15   2.1441535522028503       in event            1 local:           1
 Added good helicity           16   1.9179851048627035E-003  in event            1 local:           1
 Added good helicity           17   1.1266562461887184       in event            1 local:           1
 Added good helicity           18   1.8239390278790729E-003  in event            1 local:           1
 Added good helicity           19  0.14595252105255266       in event            1 local:           1
 Added good helicity           20   1.0448837089856820E-005  in event            1 local:           1
 Added good helicity           21   4.3227795522373574E-002  in event            1 local:           1
 Added good helicity           22   4.0600598976922766E-005  in event            1 local:           1
 Added good helicity           23   2.4245365742427829E-002  in event            1 local:           1
 Added good helicity           24   3.9250719971075405E-005  in event            1 local:           1
 Added good helicity           25   13.073934501183047       in event            1 local:           1
 Added good helicity           26   9.3597157994367432E-004  in event            1 local:           1
 Added good helicity           27   3.7626913583003421       in event            1 local:           1
 Added good helicity           28   3.5823205566435320E-003  in event            1 local:           1
 Added good helicity           29   2.1078168861195454       in event            1 local:           1
 Added good helicity           30   3.4123358346623924E-003  in event            1 local:           1
 Added good helicity           31   1.1931212075709427E-002  in event            1 local:           1
 Added good helicity           32   8.5416332903719933E-007  in event            1 local:           1
 Added good helicity           33   3.4338147072144371E-003  in event            1 local:           1
 Added good helicity           34   3.2692091489841741E-006  in event            1 local:           1
 Added good helicity           35   1.9235839282182488E-003  in event            1 local:           1
 Added good helicity           36   3.1140818789642743E-006  in event            1 local:           1
 Added good helicity          109   3.4797880379745059       in event            1 local:           1
 Added good helicity          110   2.4912031703060573E-004  in event            1 local:           1
 Added good helicity          111   23.461693406177222       in event            1 local:           1
 Added good helicity          112   1.8806058273384957E-003  in event            1 local:           1
 Added good helicity          113   6.5366197399011234       in event            1 local:           1
 Added good helicity          114   1.0582106027762953E-002  in event            1 local:           1
 Added good helicity          115   2.6264649450829250E-002  in event            1 local:           1
 Added good helicity          116   1.8803035490911254E-006  in event            1 local:           1
 Added good helicity          117  0.17708353098275437       in event            1 local:           1
 Added good helicity          118   1.4194385483025839E-005  in event            1 local:           1
 Added good helicity          119   4.9336920579164167E-002  in event            1 local:           1
 Added good helicity          120   7.9871331885053505E-005  in event            1 local:           1
 Added good helicity          121   6.7762640990488174       in event            1 local:           1
 Added good helicity          122   4.8511720892653999E-004  in event            1 local:           1
 Added good helicity          123   27.094403377495798       in event            1 local:           1
 Added good helicity          124   1.2430191255699704E-003  in event            1 local:           1
 Added good helicity          125   6.6309981509723581       in event            1 local:           1
 Added good helicity          126   1.0734894837947380E-002  in event            1 local:           1
 Added good helicity          127   3.9219490914407934E-002  in event            1 local:           1
 Added good helicity          128   2.8077491800515957E-006  in event            1 local:           1
 Added good helicity          129   7.6926496841444078E-002  in event            1 local:           1
 Added good helicity          130   5.6419432384858332E-006  in event            1 local:           1
 Added good helicity          131   1.8340334133272129E-002  in event            1 local:           1
 Added good helicity          132   2.9691089294697326E-005  in event            1 local:           1
 Added good helicity          133   4.5780284187697937       in event            1 local:           1
 Added good helicity          134   3.2774406906775194E-004  in event            1 local:           1
 Added good helicity          135   10.968904424048374       in event            1 local:           1
 Added good helicity          136   6.2983382142881039E-004  in event            1 local:           1
 Added good helicity          137   2.5928534510712722       in event            1 local:           1
 Added good helicity          138   4.1975594765288129E-003  in event            1 local:           1
 Added good helicity          139   4.1778875324810991E-003  in event            1 local:           1
 Added good helicity          140   2.9909771953113768E-007  in event            1 local:           1
 Added good helicity          141   1.0010171376464067E-002  in event            1 local:           1
 Added good helicity          142   5.7478342845006991E-007  in event            1 local:           1
 Added good helicity          143   2.3662260510152557E-003  in event            1 local:           1
 Added good helicity          144   3.8306733378798332E-006  in event            1 local:           1
 RESET CUMULATIVE VARIABLE
 RESET CUMULATIVE VARIABLE
 Iteration  1   Mean: 0.1529E-02 Abs mean: 0.1529E-02   Fluctuation:  0.491E-03   0.479E+00    85.3%
  1    0.1529E-02 0.1529E-02 +- 0.4912E-03     10.16
 Writing out events   3.5841278823420090E-007   10.157758967364240     
 Relative summed weights:
  0.1000E+01  0.0000E+00
 Relative number of events:
  0.1000E+01  0.0000E+00
 Events:
        1015           0
 Iteration  2   Mean: 0.1775E-02 Abs mean: 0.1775E-02   Fluctuation:  0.118E-03   0.715E-01    84.7%
  2    0.1775E-02 0.1775E-02 +- 0.1180E-03      2.97
 Relative summed weights:
  0.1000E+01  0.0000E+00
 Relative number of events:
  0.1000E+01  0.0000E+00
 Events:
        2000           0
 Iteration  3   Mean: 0.2015E-02 Abs mean: 0.2015E-02   Fluctuation:  0.763E-04   0.122E+00    92.8%
  3    0.2015E-02 0.2015E-02 +- 0.7629E-04      2.39
 Relative summed weights:
  0.1000E+01  0.0000E+00
 Relative number of events:
  0.1000E+01  0.0000E+00
 Events:
        4000           0
 Accuracy:    0.040   0.100   0.033   1.520
 Finished due to accuracy    4.0345181926950816E-002  0.10000000000000001     

 -------------------------------------------------------------------------------
 Accumulated results:   Integral =  0.1952E-02
                        Std dev  =  0.6388E-04
                       Cross sec =  0.1952E-02
             Chi**2 per DoF.     =      1.5198
 -------------------------------------------------------------------------------
 Found          423  events.
 Wrote           84  events.
 Actual xsec    1.9520223246227970E-003
 Correct abs xsec    1.9520223246227970E-003
 Event xsec    1.9520223246228014E-003
 Events wgts > 1:            3
 % Cross section > 1:    6.7893666612593977E-006  0.34781193716989578     
-------------------------------------------------
---------------------------
 Results Last   3 iters: Integral =   0.1952E-02
                     Abs integral =   0.1952E-02
                          Std dev =   0.6388E-04
                  Chi**2 per DoF. =      1.8342
-------------------------------------------------
---------------------------
 Status  0.10000000000000001                4           5

ls status:
events.lhe
ftn26
input_app.txt
results.dat
run_01_log.txt
run_02_log.txt
run_03_log.txt
run_04_log.txt
run_05_log.txt
run_06_log.txt
run_07_log.txt
run_08_log.txt
run_09_log.txt
run_10_log.txt
run_11_log.txt
run_12_log.txt
run_13_log.txt
run_14_log.txt
run_15_log.txt
run_16_log.txt
run_17_log.txt
run_18_log.txt
run_19_log.txt
run1_app.log
run_20_log.txt
run_21_log.txt
run_22_log.txt
run_23_log.txt
run_24_log.txt
run_25_log.txt
run_26_log.txt
run_27_log.txt
run_28_log.txt
run_29_log.txt
run_30_log.txt
run_31_log.txt
run_32_log.txt
run_33_log.txt
run_34_log.txt
run_35_log.txt
run_36_log.txt
