 Process in group number            1
 No PDF is used, alpha_s(MZ) from param_card is used
 Value of alpha_s from param_card:   0.11799999999999999     
 The default order of alpha_s running is fixed to            2
 Define smin to   28980.976643999998     
 *****************************************************
 *               MadGraph/MadEvent                   *
 *        --------------------------------           *
 *          http://madgraph.hep.uiuc.edu             *
 *          http://madgraph.phys.ucl.ac.be           *
 *          http://madgraph.roma2.infn.it            *
 *        --------------------------------           *
 *                                                   *
 *          PARAMETER AND COUPLING VALUES            *
 *                                                   *
 *****************************************************

  External Params
  ---------------------------------
  
 aEWM1 =    132.50700000000001     
 aS =   0.11799999999999999     
 mdl_MZ =    91.188000000000002     
 mdl_MT =    173.30000000000001     
 mdl_MB =    4.7000000000000002     
 mdl_MH =    125.00000000000000     
 mdl_MTA =    1.7769999999999999     
 mdl_WZ =    2.4414039999999999     
 mdl_WW =    2.0476000000000001     
 mdl_WT =    1.3500000000000001     
 mdl_WH =    6.3823389999999999E-003
 mdl_MW =    80.418999999999997     
  Internal Params
  ---------------------------------
  
 mdl_conjg__CKM3x3 =    1.0000000000000000     
 mdl_CKM3x3 =    1.0000000000000000     
 mdl_conjg__CKM1x1 =    1.0000000000000000     
 mdl_ymtau =                (1.7769999999999999,0.0000000000000000)
 mdl_ymb =                (4.7000000000000002,0.0000000000000000)
 CMASS_mdl_MH =         (125.00000004073425,-3.19116949896008093E-003)
 CMASS_mdl_MT =              (173.30131453075592,-0.67499487996809127)
 mdl_ymt =              (173.30131453075592,-0.67499487996809127)
 CMASS_mdl_MW =               (80.425515588118458,-1.0237170579253749)
 CMASS_mdl_MZ =               (91.196168726742613,-1.2205926578948283)
 mdl_complexi =                (0.0000000000000000,1.0000000000000000)
 mdl_MZ__exp__2 =               (8315.2513440000002,-222.62674795199996)
 mdl_MZ__exp__4 =               (69093842.244990125,-3702394.7302364339)
 mdl_sqrt__2 =                (1.4142135623730951,0.0000000000000000)
 mdl_MH__exp__2 =              (15625.000000000000,-0.79779237500000000)
 mdl_aEW =          (7.54677111397888348E-003,0.0000000000000000)
 Gf =    (1.16533040648424829E-005,3.50198837593820351E-007)
 mdl_sqrt__aEW =          (8.68721538467815552E-002,0.0000000000000000)
 mdl_ee =               (0.30795376724436879,0.0000000000000000)
 mdl_MW__exp__2 =               (6467.2155609999973,-164.66594440000003)
 mdl_sw2 =        (0.22227382624037062,-1.01941650475482039E-003)
 mdl_cw =         (0.88188803587158315,5.77973882901878741E-004)
 mdl_sqrt__sw2 =        (0.47146049153037201,-1.08112612092454465E-003)
 mdl_sw =        (0.47146049153037201,-1.08112612092454465E-003)
 mdl_g1 =        (0.34919810956035874,-2.28858289346364898E-004)
 mdl_gw =         (0.65318760195050374,1.49785229307440441E-003)
 mdl_vev =               (246.24700443049701,-3.6992063978011172)
 mdl_vev__exp__2 =               (60623.903063019687,-1821.8369884573092)
 mdl_lam =         (0.12875223392256610,3.86261316226568568E-003)
 mdl_yb =    (2.69863347493778417E-002,4.05397914947133785E-004)
 mdl_yt =         (0.99511509105343321,1.10724156986023083E-002)
 mdl_ytau =    (1.02031312446051944E-002,1.53274913800224816E-004)
 mdl_muH =         (88.388347677121899,-2.25649759263011002E-003)
 mdl_I1x33 =    (2.69863347493778417E-002,4.05397914947133785E-004)
 mdl_I2x33 =         (0.99511509105343321,1.10724156986023083E-002)
 mdl_I3x33 =         (0.99511509105343321,1.10724156986023083E-002)
 mdl_I4x33 =    (2.69863347493778417E-002,4.05397914947133785E-004)
 mdl_ee__exp__2 =          (9.48355227599988748E-002,0.0000000000000000)
 mdl_sw__exp__2 =        (0.22227382624037065,-1.01941650475482039E-003)
 mdl_cw__exp__2 =         (0.77772617375962949,1.01941650475482039E-003)
  Internal Params evaluated point by point
  ----------------------------------------
  
 mdl_sqrt__aS =               (0.34351128074635334,0.0000000000000000)
 mdl_G__exp__2 =                (1.4828317324943823,0.0000000000000000)
  Couplings of sm
  ---------------------------------
  
         GC_2 =   0.00000E+00   0.20530E+00
         GC_3 =  -0.00000E+00  -0.30795E+00
        GC_51 =  -0.84923E-03   0.28802E+00
        GC_58 =  -0.80904E-04  -0.27439E-01
        GC_59 =   0.24271E-03   0.82316E-01
       GC_100 =  -0.10591E-02   0.46187E+00

 Collider parameters:
 --------------------

 Running at e e   machine @    375.00000000000000       GeV
 PDF set = none   
 alpha_s(Mz)= 0.1180 running at 2 loops.
 alpha_s(Mz)= 0.1180 running at 2 loops.
 Renormalization scale set on event-by-event basis
 Factorization   scale set on event-by-event basis


 getting user params
Enter number of events and max and min iterations: 
 Number of events and iterations         1000           5           3
Enter desired fractional accuracy: 
 Desired fractional accuracy:   0.10000000000000001     
Enter 0 for fixed, 2 for adjustable grid: 
Suppress amplitude (0 no, 1 yes)? 
 Using suppressed amplitude.
Exact helicity sum (0 yes, n = number/event)? 
 Explicitly summing over helicities
Enter Configuration Number: 
Running Configuration Number:    2
 Using dconfig=          22
 BW Setting            1           1           2           0
 Attempting mappinvarients           1           6
 Completed mapping           6
 about to integrate            8        1000           5           3           8           1
 Using non-zero grid deformation.
  8 dimensions   1000 events  8 invarients  5 iterations  1 config(s),  (0.99)
 Using h-tuple random number sequence.
 Error opening grid
 Using Uniform Grid!          24
 Using uniform alpha   1.0000000000000000     
 Grid defined OK
 Set CM energy to        375.00
 Mapping Graph           2  to config           2
 Setting BW          -1           1   173.30000000000001     
 Setting BW          -2           2   173.30000000000001     
Setting grid   3    0.78902E+00   1
   2   1   2   3   4   5   6   7   8
 Masses: 0.000E+00 0.000E+00 0.804E+02 0.470E+01 0.804E+02 0.470E+01
 Got moffset           1
Using random seed offsets     2 :      1
  with seed                  384
 Ranmar initialization seeds       18685       12930
 
 ********************************************
 * You are using the DiscreteSampler module *
 *      part of the MG5_aMC framework       *
 *         Author: Valentin Hirschi         *
 ********************************************
 
  Particle       3       4       5       6
      Et >     0.0     0.0     0.0     0.0
       E >     0.0     0.0     0.0     0.0
     Eta <    -1.0    -1.0    -1.0    -1.0
   xqcut:      0.0     0.0     0.0     0.0
d R # 3  >    -0.0     0.0     0.0     0.0
d R # 4  >    -0.0    -0.0     0.0     0.0
d R # 5  >    -0.0    -0.0    -0.0     0.0
s min # 3>     0.0  7245.2 25868.9     0.0
s min # 4>     0.0     0.0  7245.2     0.0
s min # 5>     0.0     0.0     0.0     0.0
xqcutij # 3>     0.0     0.0     0.0     0.0
xqcutij # 4>     0.0     0.0     0.0     0.0
xqcutij # 5>     0.0     0.0     0.0     0.0
 Requiring BW           -1           1
 Requiring BW           -2           2
 Excluding BW           -3           3
 alpha_s for scale    375.00000000000000       is    9.7332957084556013E-002
 Added good helicity            1   4.6626894806801102       in event            1 local:           1
 Added good helicity            2   1.1968889042848912E-003  in event            1 local:           1
 Added good helicity            3   15.408577671873442       in event            1 local:           1
 Added good helicity            4   7.6075266799045648E-003  in event            1 local:           1
 Added good helicity            5   2.2317735918186083       in event            1 local:           1
 Added good helicity            6   6.4168325750619754E-003  in event            1 local:           1
 Added good helicity            7   9.3163858950402647E-004  in event            1 local:           1
 Added good helicity            8   2.3914693337424405E-007  in event            1 local:           1
 Added good helicity            9   3.0787436366861631E-003  in event            1 local:           1
 Added good helicity           10   1.5200380499382397E-006  in event            1 local:           1
 Added good helicity           11   4.4592426962795386E-004  in event            1 local:           1
 Added good helicity           12   1.2821288816432692E-006  in event            1 local:           1
 Added good helicity           13   7.7948165398891609       in event            1 local:           1
 Added good helicity           14   2.0008901442368507E-003  in event            1 local:           1
 Added good helicity           15   28.836959067297226       in event            1 local:           1
 Added good helicity           16   1.3729941509853495E-002  in event            1 local:           1
 Added good helicity           17   4.1326917079414196       in event            1 local:           1
 Added good helicity           18   1.1882383979907934E-002  in event            1 local:           1
 Added good helicity           19   4.0262856021658373E-003  in event            1 local:           1
 Added good helicity           20   1.0335272341600122E-006  in event            1 local:           1
 Added good helicity           21   1.4328639618079024E-002  in event            1 local:           1
 Added good helicity           22   6.9138213255207448E-006  in event            1 local:           1
 Added good helicity           23   2.0616120845449565E-003  in event            1 local:           1
 Added good helicity           24   5.9275813773159453E-006  in event            1 local:           1
 Added good helicity           25  0.18359714275271580       in event            1 local:           1
 Added good helicity           26   4.7128461787912637E-005  in event            1 local:           1
 Added good helicity           27  0.67594375549567864       in event            1 local:           1
 Added good helicity           28   3.2239240982479792E-004  in event            1 local:           1
 Added good helicity           29   9.6921471164191739E-002  in event            1 local:           1
 Added good helicity           30   2.7867022697518530E-004  in event            1 local:           1
 Added good helicity           31   3.8000187816268870E-003  in event            1 local:           1
 Added good helicity           32   9.7544568100640444E-007  in event            1 local:           1
 Added good helicity           33   1.3990408171365697E-002  in event            1 local:           1
 Added good helicity           34   6.6727466126106792E-006  in event            1 local:           1
 Added good helicity           35   2.0060410812759739E-003  in event            1 local:           1
 Added good helicity           36   5.7678027038373753E-006  in event            1 local:           1
 Added good helicity          109   11.838770766134198       in event            1 local:           1
 Added good helicity          110   3.0389528252032639E-003  in event            1 local:           1
 Added good helicity          111   6.4684991618088477       in event            1 local:           1
 Added good helicity          112   1.0222199644177577E-003  in event            1 local:           1
 Added good helicity          113  0.57403243684802585       in event            1 local:           1
 Added good helicity          114   1.6504676161648935E-003  in event            1 local:           1
 Added good helicity          115   2.3654707746941766E-003  in event            1 local:           1
 Added good helicity          116   6.0720443327242080E-007  in event            1 local:           1
 Added good helicity          117   1.2924522339061192E-003  in event            1 local:           1
 Added good helicity          118   2.0424683431290929E-007  in event            1 local:           1
 Added good helicity          119   1.1469577204541787E-004  in event            1 local:           1
 Added good helicity          120   3.2977519269021762E-007  in event            1 local:           1
 Added good helicity          121   33.935127394356257       in event            1 local:           1
 Added good helicity          122   8.7109762749791354E-003  in event            1 local:           1
 Added good helicity          123   23.717748455333545       in event            1 local:           1
 Added good helicity          124   2.8117752418638270E-003  in event            1 local:           1
 Added good helicity          125   2.1210374085859316       in event            1 local:           1
 Added good helicity          126   6.0984420580264048E-003  in event            1 local:           1
 Added good helicity          127   2.3109160003866223E-003  in event            1 local:           1
 Added good helicity          128   5.9320049749350309E-007  in event            1 local:           1
 Added good helicity          129   1.9836052523383120E-003  in event            1 local:           1
 Added good helicity          130   2.3646114189429180E-007  in event            1 local:           1
 Added good helicity          131   1.8416382958925923E-004  in event            1 local:           1
 Added good helicity          132   5.2951090791138420E-007  in event            1 local:           1
 Added good helicity          133  0.66435277521891456       in event            1 local:           1
 Added good helicity          134   1.7053601113373076E-004  in event            1 local:           1
 Added good helicity          135  0.46989887728474916       in event            1 local:           1
 Added good helicity          136   5.5426763408354985E-005  in event            1 local:           1
 Added good helicity          137   4.2091715696816807E-002  in event            1 local:           1
 Added good helicity          138   1.2102280151253544E-004  in event            1 local:           1
 Added good helicity          139   1.3750502788913786E-002  in event            1 local:           1
 Added good helicity          140   3.5296848062866868E-006  in event            1 local:           1
 Added good helicity          141   9.7257753164081903E-003  in event            1 local:           1
 Added good helicity          142   1.1472005435303722E-006  in event            1 local:           1
 Added good helicity          143   8.7119716462165451E-004  in event            1 local:           1
 Added good helicity          144   2.5048805872330750E-006  in event            1 local:           1
 RESET CUMULATIVE VARIABLE
 RESET CUMULATIVE VARIABLE
 Iteration  1   Mean: 0.3836E-01 Abs mean: 0.3836E-01   Fluctuation:  0.949E-02   0.465E+01    90.7%
  1    0.3836E-01 0.3836E-01 +- 0.9493E-02      7.83
 Writing out events   8.4627258423128743E-006   7.8252347833512177     
 Relative summed weights:
  0.1000E+01  0.0000E+00
 Relative number of events:
  0.1000E+01  0.0000E+00
 Events:
        1015           0
 Iteration  2   Mean: 0.4736E-01 Abs mean: 0.4736E-01   Fluctuation:  0.522E-02   0.607E+01    96.3%
  2    0.4736E-01 0.4736E-01 +- 0.5220E-02      4.93
 Relative summed weights:
  0.1000E+01  0.0000E+00
 Relative number of events:
  0.1000E+01  0.0000E+00
 Events:
        2000           0
 Iteration  3   Mean: 0.5308E-01 Abs mean: 0.5308E-01   Fluctuation:  0.209E-02   0.225E+01    97.4%
  3    0.5308E-01 0.5308E-01 +- 0.2086E-02      2.49
 Relative summed weights:
  0.1000E+01  0.0000E+00
 Relative number of events:
  0.1000E+01  0.0000E+00
 Events:
        4000           0
 Accuracy:    0.037   0.100   0.037   1.023
 Finished due to accuracy    3.7016629791199761E-002  0.10000000000000001     

 -------------------------------------------------------------------------------
 Accumulated results:   Integral =  0.5213E-01
                        Std dev  =  0.1908E-02
                       Cross sec =  0.5213E-01
             Chi**2 per DoF.     =      1.0225
 -------------------------------------------------------------------------------
 Found          417  events.
 Wrote          141  events.
 Actual xsec    5.2127743286730276E-002
 Correct abs xsec    5.2127743286730276E-002
 Event xsec    5.2127743286730317E-002
 Events wgts > 1:            6
 % Cross section > 1:    4.4729448308896639E-004  0.85807375283562304     
-------------------------------------------------
---------------------------
 Results Last   3 iters: Integral =   0.5213E-01
                     Abs integral =   0.5213E-01
                          Std dev =   0.1908E-02
                  Chi**2 per DoF. =      1.5736
-------------------------------------------------
---------------------------
 Status  0.10000000000000001                4           5

ls status:
events.lhe
ftn26
input_app.txt
input_sg.txt
moffset.dat
results.dat
run_01_log.txt
run_02_log.txt
run_03_log.txt
run_04_log.txt
run_05_log.txt
run_06_log.txt
run_10_log.txt
run1_app.log
