 Process in group number            1
 No PDF is used, alpha_s(MZ) from param_card is used
 Value of alpha_s from param_card:   0.11799999999999999     
 The default order of alpha_s running is fixed to            2
 Define smin to   28980.976643999998     
 *****************************************************
 *               MadGraph/MadEvent                   *
 *        --------------------------------           *
 *          http://madgraph.hep.uiuc.edu             *
 *          http://madgraph.phys.ucl.ac.be           *
 *          http://madgraph.roma2.infn.it            *
 *        --------------------------------           *
 *                                                   *
 *          PARAMETER AND COUPLING VALUES            *
 *                                                   *
 *****************************************************

  External Params
  ---------------------------------
  
 aEWM1 =    132.50700000000001     
 aS =   0.11799999999999999     
 mdl_MZ =    91.188000000000002     
 mdl_MT =    173.30000000000001     
 mdl_MB =    4.7000000000000002     
 mdl_MH =    125.00000000000000     
 mdl_MTA =    1.7769999999999999     
 mdl_WZ =    2.4414039999999999     
 mdl_WW =    2.0476000000000001     
 mdl_WT =    1.3500000000000001     
 mdl_WH =    6.3823389999999999E-003
 mdl_MW =    80.418999999999997     
  Internal Params
  ---------------------------------
  
 mdl_conjg__CKM3x3 =    1.0000000000000000     
 mdl_CKM3x3 =    1.0000000000000000     
 mdl_conjg__CKM1x1 =    1.0000000000000000     
 mdl_ymtau =                (1.7769999999999999,0.0000000000000000)
 mdl_ymb =                (4.7000000000000002,0.0000000000000000)
 CMASS_mdl_MH =         (125.00000004073425,-3.19116949896008093E-003)
 CMASS_mdl_MT =              (173.30131453075592,-0.67499487996809127)
 mdl_ymt =              (173.30131453075592,-0.67499487996809127)
 CMASS_mdl_MW =               (80.425515588118458,-1.0237170579253749)
 CMASS_mdl_MZ =               (91.196168726742613,-1.2205926578948283)
 mdl_complexi =                (0.0000000000000000,1.0000000000000000)
 mdl_MZ__exp__2 =               (8315.2513440000002,-222.62674795199996)
 mdl_MZ__exp__4 =               (69093842.244990125,-3702394.7302364339)
 mdl_sqrt__2 =                (1.4142135623730951,0.0000000000000000)
 mdl_MH__exp__2 =              (15625.000000000000,-0.79779237500000000)
 mdl_aEW =          (7.54677111397888348E-003,0.0000000000000000)
 Gf =    (1.16533040648424829E-005,3.50198837593820351E-007)
 mdl_sqrt__aEW =          (8.68721538467815552E-002,0.0000000000000000)
 mdl_ee =               (0.30795376724436879,0.0000000000000000)
 mdl_MW__exp__2 =               (6467.2155609999973,-164.66594440000003)
 mdl_sw2 =        (0.22227382624037062,-1.01941650475482039E-003)
 mdl_cw =         (0.88188803587158315,5.77973882901878741E-004)
 mdl_sqrt__sw2 =        (0.47146049153037201,-1.08112612092454465E-003)
 mdl_sw =        (0.47146049153037201,-1.08112612092454465E-003)
 mdl_g1 =        (0.34919810956035874,-2.28858289346364898E-004)
 mdl_gw =         (0.65318760195050374,1.49785229307440441E-003)
 mdl_vev =               (246.24700443049701,-3.6992063978011172)
 mdl_vev__exp__2 =               (60623.903063019687,-1821.8369884573092)
 mdl_lam =         (0.12875223392256610,3.86261316226568568E-003)
 mdl_yb =    (2.69863347493778417E-002,4.05397914947133785E-004)
 mdl_yt =         (0.99511509105343321,1.10724156986023083E-002)
 mdl_ytau =    (1.02031312446051944E-002,1.53274913800224816E-004)
 mdl_muH =         (88.388347677121899,-2.25649759263011002E-003)
 mdl_I1x33 =    (2.69863347493778417E-002,4.05397914947133785E-004)
 mdl_I2x33 =         (0.99511509105343321,1.10724156986023083E-002)
 mdl_I3x33 =         (0.99511509105343321,1.10724156986023083E-002)
 mdl_I4x33 =    (2.69863347493778417E-002,4.05397914947133785E-004)
 mdl_ee__exp__2 =          (9.48355227599988748E-002,0.0000000000000000)
 mdl_sw__exp__2 =        (0.22227382624037065,-1.01941650475482039E-003)
 mdl_cw__exp__2 =         (0.77772617375962949,1.01941650475482039E-003)
  Internal Params evaluated point by point
  ----------------------------------------
  
 mdl_sqrt__aS =               (0.34351128074635334,0.0000000000000000)
 mdl_G__exp__2 =                (1.4828317324943823,0.0000000000000000)
  Couplings of sm
  ---------------------------------
  
         GC_2 =   0.00000E+00   0.20530E+00
         GC_3 =  -0.00000E+00  -0.30795E+00
        GC_51 =  -0.84923E-03   0.28802E+00
        GC_58 =  -0.80904E-04  -0.27439E-01
        GC_59 =   0.24271E-03   0.82316E-01
       GC_100 =  -0.10591E-02   0.46187E+00

 Collider parameters:
 --------------------

 Running at e e   machine @    375.00000000000000       GeV
 PDF set = none   
 alpha_s(Mz)= 0.1180 running at 2 loops.
 alpha_s(Mz)= 0.1180 running at 2 loops.
 Renormalization scale set on event-by-event basis
 Factorization   scale set on event-by-event basis


 getting user params
Enter number of events and max and min iterations: 
 Number of events and iterations         1000           5           3
Enter desired fractional accuracy: 
 Desired fractional accuracy:   0.10000000000000001     
Enter 0 for fixed, 2 for adjustable grid: 
Suppress amplitude (0 no, 1 yes)? 
 Using suppressed amplitude.
Exact helicity sum (0 yes, n = number/event)? 
 Explicitly summing over helicities
Enter Configuration Number: 
Running Configuration Number:    2
 Using dconfig=          25
 BW Setting            1           2           2           0
 Attempting mappinvarients           1           6
 Completed mapping           6
 about to integrate            8        1000           5           3           8           1
 Using non-zero grid deformation.
  8 dimensions   1000 events  8 invarients  5 iterations  1 config(s),  (0.99)
 Using h-tuple random number sequence.
 Error opening grid
 Using Uniform Grid!          24
 Using uniform alpha   1.0000000000000000     
 Grid defined OK
 Set CM energy to        375.00
 Mapping Graph           2  to config           2
 Setting BW          -1           1   173.30000000000001     
Setting grid   2    0.51522E-01   1
Setting grid   3    0.45040E+00   1
   2   1   2   3   4   5   6   7   8
 Masses: 0.000E+00 0.000E+00 0.804E+02 0.470E+01 0.804E+02 0.470E+01
 Got moffset           1
Using random seed offsets     2 :      1
  with seed                  384
 Ranmar initialization seeds       18685       12930
 
 ********************************************
 * You are using the DiscreteSampler module *
 *      part of the MG5_aMC framework       *
 *         Author: Valentin Hirschi         *
 ********************************************
 
  Particle       3       4       5       6
      Et >     0.0     0.0     0.0     0.0
       E >     0.0     0.0     0.0     0.0
     Eta <    -1.0    -1.0    -1.0    -1.0
   xqcut:      0.0     0.0     0.0     0.0
d R # 3  >    -0.0     0.0     0.0     0.0
d R # 4  >    -0.0    -0.0     0.0     0.0
d R # 5  >    -0.0    -0.0    -0.0     0.0
s min # 3>     0.0  7245.2 25868.9     0.0
s min # 4>     0.0     0.0  7245.2     0.0
s min # 5>     0.0     0.0     0.0     0.0
xqcutij # 3>     0.0     0.0     0.0     0.0
xqcutij # 4>     0.0     0.0     0.0     0.0
xqcutij # 5>     0.0     0.0     0.0     0.0
 Requiring BW           -1           1
 Excluding BW           -2           2
 Excluding BW           -3           3
 alpha_s for scale    375.00000000000000       is    9.7332957084556013E-002
 Added good helicity            1   9.8325093897383002       in event            1 local:           1
 Added good helicity            2   6.2728161596950415E-003  in event            1 local:           1
 Added good helicity            3   14.306194257517451       in event            1 local:           1
 Added good helicity            4   1.6246776824129502E-002  in event            1 local:           1
 Added good helicity            5   2.6314646204108438       in event            1 local:           1
 Added good helicity            6   4.0875804962807365E-003  in event            1 local:           1
 Added good helicity            7   5.6347694865390700E-002  in event            1 local:           1
 Added good helicity            8   3.5947967797729767E-005  in event            1 local:           1
 Added good helicity            9   8.1985283385430097E-002  in event            1 local:           1
 Added good helicity           10   9.3106285155199393E-005  in event            1 local:           1
 Added good helicity           11   1.5080277028235606E-002  in event            1 local:           1
 Added good helicity           12   2.3424919256373023E-005  in event            1 local:           1
 Added good helicity           13   6.8283008540140377       in event            1 local:           1
 Added good helicity           14   4.3562303622126271E-003  in event            1 local:           1
 Added good helicity           15   14.031057746734804       in event            1 local:           1
 Added good helicity           16   1.4251405802773816E-002  in event            1 local:           1
 Added good helicity           17   2.4543241433900431       in event            1 local:           1
 Added good helicity           18   3.8124196777176321E-003  in event            1 local:           1
 Added good helicity           19   8.9126847023364444E-002  in event            1 local:           1
 Added good helicity           20   5.6859983968518629E-005  in event            1 local:           1
 Added good helicity           21  0.16621463580481119       in event            1 local:           1
 Added good helicity           22   1.7494995561614590E-004  in event            1 local:           1
 Added good helicity           23   2.9551464778453111E-002  in event            1 local:           1
 Added good helicity           24   4.5903710856683654E-005  in event            1 local:           1
 Added good helicity           25  0.92647635589607669       in event            1 local:           1
 Added good helicity           26   5.9106130759514763E-004  in event            1 local:           1
 Added good helicity           27   1.8293883312483732       in event            1 local:           1
 Added good helicity           28   1.8869300762219200E-003  in event            1 local:           1
 Added good helicity           29  0.32226330260861580       in event            1 local:           1
 Added good helicity           30   5.0058707998298403E-004  in event            1 local:           1
 Added good helicity           31   1.8658491605083722E-002  in event            1 local:           1
 Added good helicity           32   1.1903501234186834E-005  in event            1 local:           1
 Added good helicity           33   3.6842415463503399E-002  in event            1 local:           1
 Added good helicity           34   3.8001260110426251E-005  in event            1 local:           1
 Added good helicity           35   6.4901247485520171E-003  in event            1 local:           1
 Added good helicity           36   1.0081422769221292E-005  in event            1 local:           1
 Added good helicity          109   8.3550476320653768       in event            1 local:           1
 Added good helicity          110   5.3302443683541142E-003  in event            1 local:           1
 Added good helicity          111   12.401881995282032       in event            1 local:           1
 Added good helicity          112   6.6000701591647642E-003  in event            1 local:           1
 Added good helicity          113   1.6167373589261556       in event            1 local:           1
 Added good helicity          114   2.5113558604193576E-003  in event            1 local:           1
 Added good helicity          115   4.7880724634625012E-002  in event            1 local:           1
 Added good helicity          116   3.0546320508927404E-005  in event            1 local:           1
 Added good helicity          117   7.1072137816217601E-002  in event            1 local:           1
 Added good helicity          118   3.7823380042425237E-005  in event            1 local:           1
 Added good helicity          119   9.2651244730388455E-003  in event            1 local:           1
 Added good helicity          120   1.4391963242771636E-005  in event            1 local:           1
 Added good helicity          121   13.409258716027830       in event            1 local:           1
 Added good helicity          122   8.5546640668572732E-003  in event            1 local:           1
 Added good helicity          123   43.240186061693883       in event            1 local:           1
 Added good helicity          124   2.0965293718027671E-002  in event            1 local:           1
 Added good helicity          125   5.5843458912064232       in event            1 local:           1
 Added good helicity          126   8.6744329269443036E-003  in event            1 local:           1
 Added good helicity          127   3.4770888259568859E-002  in event            1 local:           1
 Added good helicity          128   2.2182678003766390E-005  in event            1 local:           1
 Added good helicity          129  0.15856508509476852       in event            1 local:           1
 Added good helicity          130   8.0482526741079187E-005  in event            1 local:           1
 Added good helicity          131   2.0917263860853880E-002  in event            1 local:           1
 Added good helicity          132   3.2491791502724091E-005  in event            1 local:           1
 Added good helicity          133   1.0308731089875010       in event            1 local:           1
 Added good helicity          134   6.5766298717198331E-004  in event            1 local:           1
 Added good helicity          135   3.6678457448505730       in event            1 local:           1
 Added good helicity          136   1.7972367755844814E-003  in event            1 local:           1
 Added good helicity          137  0.47624737390621674       in event            1 local:           1
 Added good helicity          138   7.3977794034716543E-004  in event            1 local:           1
 Added good helicity          139   2.0760958579829524E-002  in event            1 local:           1
 Added good helicity          140   1.3244805706082349E-005  in event            1 local:           1
 Added good helicity          141   7.3867474980346987E-002  in event            1 local:           1
 Added good helicity          142   3.6194908889129038E-005  in event            1 local:           1
 Added good helicity          143   9.5912405874382274E-003  in event            1 local:           1
 Added good helicity          144   1.4898535080523979E-005  in event            1 local:           1
 RESET CUMULATIVE VARIABLE
 RESET CUMULATIVE VARIABLE
 Iteration  1   Mean: 0.1224E-02 Abs mean: 0.1224E-02   Fluctuation:  0.928E-04   0.322E-01    87.0%
  1    0.1224E-02 0.1224E-02 +- 0.9285E-04      2.40
 Writing out events   2.8144158459393605E-007   2.3994142327182200     
 Relative summed weights:
  0.1000E+01  0.0000E+00
 Relative number of events:
  0.1000E+01  0.0000E+00
 Events:
        1015           0
 Iteration  2   Mean: 0.2610E-02 Abs mean: 0.2610E-02   Fluctuation:  0.373E-03   0.422E+00    87.7%
  2    0.2610E-02 0.2610E-02 +- 0.3731E-03      6.39
 Relative summed weights:
  0.1000E+01  0.0000E+00
 Relative number of events:
  0.1000E+01  0.0000E+00
 Events:
        2000           0
 Iteration  3   Mean: 0.2639E-02 Abs mean: 0.2639E-02   Fluctuation:  0.173E-03   0.246E+00    93.4%
  3    0.2639E-02 0.2639E-02 +- 0.1727E-03      4.14
 Relative summed weights:
  0.1000E+01  0.0000E+00
 Relative number of events:
  0.1000E+01  0.0000E+00
 Events:
        4000           0
 Accuracy:    0.231   0.100   0.047  24.321
 Found          316  events.
 Wrote           49  events.
 Actual xsec    2.0965781177221614E-003
 Correct abs xsec    2.0965781177221614E-003
 Event xsec    2.0965781177221619E-003
 Events wgts > 1:            2
 % Cross section > 1:    9.3314982393928882E-006  0.44508230628349504     
 Iteration  4   Mean: 0.2435E-02 Abs mean: 0.2435E-02   Fluctuation:  0.431E-04   0.540E-01    94.8%
  4    0.2435E-02 0.2435E-02 +- 0.4306E-04      1.58
 Relative summed weights:
  0.1000E+01  0.0000E+00
 Relative number of events:
  0.1000E+01  0.0000E+00
 Events:
        8000           0
 Accuracy:    0.064   0.100   0.017  15.110
 Finished due to accuracy    6.4300074785674496E-002  0.10000000000000001     

 -------------------------------------------------------------------------------
 Accumulated results:   Integral =  0.2393E-02
                        Std dev  =  0.3958E-04
                       Cross sec =  0.2393E-02
             Chi**2 per DoF.     =     15.1100
 -------------------------------------------------------------------------------
 Found          759  events.
 Wrote          658  events.
 Actual xsec    2.4511724192462646E-003
 Correct abs xsec    2.4511724192462646E-003
 Event xsec    2.4511724192462338E-003
 Events wgts > 1:           27
 % Cross section > 1:    2.3347773567209995E-005  0.95251453483593485     
-------------------------------------------------
---------------------------
 Results Last   3 iters: Integral =   0.2451E-02
                     Abs integral =   0.2451E-02
                          Std dev =   0.4155E-04
                  Chi**2 per DoF. =      0.7491
-------------------------------------------------
---------------------------
 Status  0.10000000000000001                5           5

ls status:
events.lhe
ftn26
input_app.txt
input_sg.txt
moffset.dat
results.dat
run_01_log.txt
run_02_log.txt
run_03_log.txt
run_04_log.txt
run_05_log.txt
run_06_log.txt
run_07_log.txt
run_09_log.txt
run_10_log.txt
run_11_log.txt
run_12_log.txt
run_13_log.txt
run_14_log.txt
run_15_log.txt
run_16_log.txt
run_17_log.txt
run_18_log.txt
run_19_log.txt
run1_app.log
run_20_log.txt
run_21_log.txt
run_22_log.txt
run_23_log.txt
run_24_log.txt
run_25_log.txt
run_26_log.txt
run_27_log.txt
run_28_log.txt
run_29_log.txt
run_30_log.txt
run_31_log.txt
run_32_log.txt
run_33_log.txt
run_34_log.txt
run_35_log.txt
run_36_log.txt
run_37_log.txt
run_38_log.txt
run_39_log.txt
run_40_log.txt
