 Process in group number            1
 No PDF is used, alpha_s(MZ) from param_card is used
 Value of alpha_s from param_card:   0.11799999999999999     
 The default order of alpha_s running is fixed to            2
 Define smin to   28980.976643999998     
 *****************************************************
 *               MadGraph/MadEvent                   *
 *        --------------------------------           *
 *          http://madgraph.hep.uiuc.edu             *
 *          http://madgraph.phys.ucl.ac.be           *
 *          http://madgraph.roma2.infn.it            *
 *        --------------------------------           *
 *                                                   *
 *          PARAMETER AND COUPLING VALUES            *
 *                                                   *
 *****************************************************

  External Params
  ---------------------------------
  
 aEWM1 =    132.50700000000001     
 aS =   0.11799999999999999     
 mdl_MZ =    91.188000000000002     
 mdl_MT =    173.30000000000001     
 mdl_MB =    4.7000000000000002     
 mdl_MH =    125.00000000000000     
 mdl_MTA =    1.7769999999999999     
 mdl_WZ =    2.4414039999999999     
 mdl_WW =    2.0476000000000001     
 mdl_WT =    1.3500000000000001     
 mdl_WH =    6.3823389999999999E-003
 mdl_MW =    80.418999999999997     
  Internal Params
  ---------------------------------
  
 mdl_conjg__CKM3x3 =    1.0000000000000000     
 mdl_CKM3x3 =    1.0000000000000000     
 mdl_conjg__CKM1x1 =    1.0000000000000000     
 mdl_ymtau =                (1.7769999999999999,0.0000000000000000)
 mdl_ymb =                (4.7000000000000002,0.0000000000000000)
 CMASS_mdl_MH =         (125.00000004073425,-3.19116949896008093E-003)
 CMASS_mdl_MT =              (173.30131453075592,-0.67499487996809127)
 mdl_ymt =              (173.30131453075592,-0.67499487996809127)
 CMASS_mdl_MW =               (80.425515588118458,-1.0237170579253749)
 CMASS_mdl_MZ =               (91.196168726742613,-1.2205926578948283)
 mdl_complexi =                (0.0000000000000000,1.0000000000000000)
 mdl_MZ__exp__2 =               (8315.2513440000002,-222.62674795199996)
 mdl_MZ__exp__4 =               (69093842.244990125,-3702394.7302364339)
 mdl_sqrt__2 =                (1.4142135623730951,0.0000000000000000)
 mdl_MH__exp__2 =              (15625.000000000000,-0.79779237500000000)
 mdl_aEW =          (7.54677111397888348E-003,0.0000000000000000)
 Gf =    (1.16533040648424829E-005,3.50198837593820351E-007)
 mdl_sqrt__aEW =          (8.68721538467815552E-002,0.0000000000000000)
 mdl_ee =               (0.30795376724436879,0.0000000000000000)
 mdl_MW__exp__2 =               (6467.2155609999973,-164.66594440000003)
 mdl_sw2 =        (0.22227382624037062,-1.01941650475482039E-003)
 mdl_cw =         (0.88188803587158315,5.77973882901878741E-004)
 mdl_sqrt__sw2 =        (0.47146049153037201,-1.08112612092454465E-003)
 mdl_sw =        (0.47146049153037201,-1.08112612092454465E-003)
 mdl_g1 =        (0.34919810956035874,-2.28858289346364898E-004)
 mdl_gw =         (0.65318760195050374,1.49785229307440441E-003)
 mdl_vev =               (246.24700443049701,-3.6992063978011172)
 mdl_vev__exp__2 =               (60623.903063019687,-1821.8369884573092)
 mdl_lam =         (0.12875223392256610,3.86261316226568568E-003)
 mdl_yb =    (2.69863347493778417E-002,4.05397914947133785E-004)
 mdl_yt =         (0.99511509105343321,1.10724156986023083E-002)
 mdl_ytau =    (1.02031312446051944E-002,1.53274913800224816E-004)
 mdl_muH =         (88.388347677121899,-2.25649759263011002E-003)
 mdl_I1x33 =    (2.69863347493778417E-002,4.05397914947133785E-004)
 mdl_I2x33 =         (0.99511509105343321,1.10724156986023083E-002)
 mdl_I3x33 =         (0.99511509105343321,1.10724156986023083E-002)
 mdl_I4x33 =    (2.69863347493778417E-002,4.05397914947133785E-004)
 mdl_ee__exp__2 =          (9.48355227599988748E-002,0.0000000000000000)
 mdl_sw__exp__2 =        (0.22227382624037065,-1.01941650475482039E-003)
 mdl_cw__exp__2 =         (0.77772617375962949,1.01941650475482039E-003)
  Internal Params evaluated point by point
  ----------------------------------------
  
 mdl_sqrt__aS =               (0.34351128074635334,0.0000000000000000)
 mdl_G__exp__2 =                (1.4828317324943823,0.0000000000000000)
  Couplings of sm
  ---------------------------------
  
         GC_2 =   0.00000E+00   0.20530E+00
         GC_3 =  -0.00000E+00  -0.30795E+00
        GC_51 =  -0.84923E-03   0.28802E+00
        GC_58 =  -0.80904E-04  -0.27439E-01
        GC_59 =   0.24271E-03   0.82316E-01
       GC_100 =  -0.10591E-02   0.46187E+00

 Collider parameters:
 --------------------

 Running at e e   machine @    354.00000000000000       GeV
 PDF set = none   
 alpha_s(Mz)= 0.1180 running at 2 loops.
 alpha_s(Mz)= 0.1180 running at 2 loops.
 Renormalization scale set on event-by-event basis
 Factorization   scale set on event-by-event basis


 getting user params
Enter number of events and max and min iterations: 
 Number of events and iterations         1000           5           3
Enter desired fractional accuracy: 
 Desired fractional accuracy:   0.10000000000000001     
Enter 0 for fixed, 2 for adjustable grid: 
Suppress amplitude (0 no, 1 yes)? 
 Using suppressed amplitude.
Exact helicity sum (0 yes, n = number/event)? 
 Explicitly summing over helicities
Enter Configuration Number: 
Running Configuration Number:    1
 Using dconfig=           5
 BW Setting            2           1           0           0
 Attempting mappinvarients           1           6
 Completed mapping           6
 about to integrate            8        1000           5           3           8           1
 Using non-zero grid deformation.
  8 dimensions   1000 events  8 invarients  5 iterations  1 config(s),  (0.99)
 Using h-tuple random number sequence.
 Error opening grid
 Using Uniform Grid!          24
 Using uniform alpha   1.0000000000000000     
 Grid defined OK
 Set CM energy to        354.00
 Mapping Graph           1  to config           1
Setting grid   1    0.57816E-01   1
 Setting BW          -2           2   173.30000000000001     
Setting grid   3    0.50542E+00   1
   1   1   2   3   4   5   6   7   8
 Masses: 0.000E+00 0.000E+00 0.804E+02 0.470E+01 0.804E+02 0.470E+01
 Got moffset           1
Using random seed offsets     1 :      1
  with seed                  195
 Ranmar initialization seeds       28941       12733
 
 ********************************************
 * You are using the DiscreteSampler module *
 *      part of the MG5_aMC framework       *
 *         Author: Valentin Hirschi         *
 ********************************************
 
  Particle       3       4       5       6
      Et >     0.0     0.0     0.0     0.0
       E >     0.0     0.0     0.0     0.0
     Eta <    -1.0    -1.0    -1.0    -1.0
   xqcut:      0.0     0.0     0.0     0.0
d R # 3  >    -0.0     0.0     0.0     0.0
d R # 4  >    -0.0    -0.0     0.0     0.0
d R # 5  >    -0.0    -0.0    -0.0     0.0
s min # 3>     0.0  7245.2 25868.9     0.0
s min # 4>     0.0     0.0  7245.2     0.0
s min # 5>     0.0     0.0     0.0     0.0
xqcutij # 3>     0.0     0.0     0.0     0.0
xqcutij # 4>     0.0     0.0     0.0     0.0
xqcutij # 5>     0.0     0.0     0.0     0.0
 Excluding BW           -1           1
 Requiring BW           -2           2
 alpha_s for scale    354.00000000000000       is    9.8030208271392735E-002
 Added good helicity            1   4.0048243567081743       in event            1 local:           1
 Added good helicity            2   2.7916732070128918E-004  in event            1 local:           1
 Added good helicity            3   9.5932892330254447       in event            1 local:           1
 Added good helicity            4   9.2947278783294003E-004  in event            1 local:           1
 Added good helicity            5  0.85125574277832938       in event            1 local:           1
 Added good helicity            6   7.3344820176652363E-003  in event            1 local:           1
 Added good helicity            7   9.4656502569397951E-004  in event            1 local:           1
 Added good helicity            8   6.5982924232347495E-008  in event            1 local:           1
 Added good helicity            9   2.2674332905856828E-003  in event            1 local:           1
 Added good helicity           10   2.1968664663738503E-007  in event            1 local:           1
 Added good helicity           11   2.0119956389234278E-004  in event            1 local:           1
 Added good helicity           12   1.7335502237131492E-006  in event            1 local:           1
 Added good helicity           13   3.8928671908975141       in event            1 local:           1
 Added good helicity           14   2.7136303785919164E-004  in event            1 local:           1
 Added good helicity           15   9.2827639650827560       in event            1 local:           1
 Added good helicity           16   7.7460032239437331E-004  in event            1 local:           1
 Added good helicity           17  0.80900084728277233       in event            1 local:           1
 Added good helicity           18   6.9704107338005566E-003  in event            1 local:           1
 Added good helicity           19   6.5116545068568169E-004  in event            1 local:           1
 Added good helicity           20   4.5391282615597529E-008  in event            1 local:           1
 Added good helicity           21   1.8204981277536829E-003  in event            1 local:           1
 Added good helicity           22   1.4164563200253661E-007  in event            1 local:           1
 Added good helicity           23   1.6038758919662311E-004  in event            1 local:           1
 Added good helicity           24   1.3819112514646968E-006  in event            1 local:           1
 Added good helicity           25  0.24630899027670791       in event            1 local:           1
 Added good helicity           26   1.7169647094512761E-005  in event            1 local:           1
 Added good helicity           27  0.60185899615618621       in event            1 local:           1
 Added good helicity           28   4.8847853884567066E-005  in event            1 local:           1
 Added good helicity           29   5.2453011486880405E-002  in event            1 local:           1
 Added good helicity           30   4.5193900045511256E-004  in event            1 local:           1
 Added good helicity           31   1.2482298166629415E-003  in event            1 local:           1
 Added good helicity           32   8.7011299997106695E-008  in event            1 local:           1
 Added good helicity           33   3.0500646508477055E-003  in event            1 local:           1
 Added good helicity           34   2.4754820207826273E-007  in event            1 local:           1
 Added good helicity           35   2.6581820191838676E-004  in event            1 local:           1
 Added good helicity           36   2.2903091561829372E-006  in event            1 local:           1
 Added good helicity          109   11.558933829289685       in event            1 local:           1
 Added good helicity          110   8.0574734367094055E-004  in event            1 local:           1
 Added good helicity          111   11.434029639225860       in event            1 local:           1
 Added good helicity          112   5.7694319384602863E-003  in event            1 local:           1
 Added good helicity          113   1.3713623838343982       in event            1 local:           1
 Added good helicity          114   1.1815759046873337E-002  in event            1 local:           1
 Added good helicity          115   2.7320255578224518E-003  in event            1 local:           1
 Added good helicity          116   1.9044337207628390E-007  in event            1 local:           1
 Added good helicity          117   2.7025036793712751E-003  in event            1 local:           1
 Added good helicity          118   1.3636409501757003E-006  in event            1 local:           1
 Added good helicity          119   3.2412998785218697E-004  in event            1 local:           1
 Added good helicity          120   2.7927277876902176E-006  in event            1 local:           1
 Added good helicity          121   40.122781836616277       in event            1 local:           1
 Added good helicity          122   2.7968691025484381E-003  in event            1 local:           1
 Added good helicity          123   38.589151369892335       in event            1 local:           1
 Added good helicity          124   1.9184005954858040E-002  in event            1 local:           1
 Added good helicity          125   4.5667148147858105       in event            1 local:           1
 Added good helicity          126   3.9347150339958482E-002  in event            1 local:           1
 Added good helicity          127   1.6714490962335810E-002  in event            1 local:           1
 Added good helicity          128   1.1651296644321760E-006  in event            1 local:           1
 Added good helicity          129   1.6627274236326484E-002  in event            1 local:           1
 Added good helicity          130   8.1475543008979841E-006  in event            1 local:           1
 Added good helicity          131   1.9690054059453023E-003  in event            1 local:           1
 Added good helicity          132   1.6965095231495108E-005  in event            1 local:           1
 Added good helicity          133   3.2773051211943902       in event            1 local:           1
 Added good helicity          134   2.2845358705231238E-004  in event            1 local:           1
 Added good helicity          135   3.1805319343999283       in event            1 local:           1
 Added good helicity          136   1.5740757689602339E-003  in event            1 local:           1
 Added good helicity          137  0.37634808130017944       in event            1 local:           1
 Added good helicity          138   3.2426427170639139E-003  in event            1 local:           1
 Added good helicity          139   1.6608528848180825E-002  in event            1 local:           1
 Added good helicity          140   1.1577432831905260E-006  in event            1 local:           1
 Added good helicity          141   1.6118107540072518E-002  in event            1 local:           1
 Added good helicity          142   7.9770060617580766E-006  in event            1 local:           1
 Added good helicity          143   1.9072340639902186E-003  in event            1 local:           1
 Added good helicity          144   1.6432868811150601E-005  in event            1 local:           1
 RESET CUMULATIVE VARIABLE
 RESET CUMULATIVE VARIABLE
 Iteration  1   Mean: 0.9357E-02 Abs mean: 0.9357E-02   Fluctuation:  0.196E-02   0.144E+01    57.9%
  1    0.9357E-02 0.9357E-02 +- 0.1959E-02      6.62
 Writing out events   3.2300332372062336E-006   6.6192600957498815     
 Relative summed weights:
  0.1000E+01  0.0000E+00
 Relative number of events:
  0.1000E+01  0.0000E+00
 Events:
        1015           0
 Iteration  2   Mean: 0.1000E-01 Abs mean: 0.1000E-01   Fluctuation:  0.894E-03   0.944E+00    81.4%
  2    0.1000E-01 0.1000E-01 +- 0.8944E-03      4.00
 Relative summed weights:
  0.1000E+01  0.0000E+00
 Relative number of events:
  0.1000E+01  0.0000E+00
 Events:
        2000           0
 Iteration  3   Mean: 0.1181E-01 Abs mean: 0.1181E-01   Fluctuation:  0.388E-03   0.397E+00    92.9%
  3    0.1181E-01 0.1181E-01 +- 0.3883E-03      2.08
 Relative summed weights:
  0.1000E+01  0.0000E+00
 Relative number of events:
  0.1000E+01  0.0000E+00
 Events:
        4000           0
 Accuracy:    0.041   0.100   0.031   1.764
 Finished due to accuracy    4.0557144492677701E-002  0.10000000000000001     

 -------------------------------------------------------------------------------
 Accumulated results:   Integral =  0.1155E-01
                        Std dev  =  0.3525E-03
                       Cross sec =  0.1155E-01
             Chi**2 per DoF.     =      1.7642
 -------------------------------------------------------------------------------
 Found          447  events.
 Wrote          140  events.
 Actual xsec    1.1545578016393212E-002
 Correct abs xsec    1.1545578016393212E-002
 Event xsec    1.1545578016393191E-002
 Events wgts > 1:            4
 % Cross section > 1:    3.6062780074207969E-005  0.31235144765384287     
-------------------------------------------------
---------------------------
 Results Last   3 iters: Integral =   0.1155E-01
                     Abs integral =   0.1155E-01
                          Std dev =   0.3525E-03
                  Chi**2 per DoF. =      2.3380
-------------------------------------------------
---------------------------
 Status  0.10000000000000001                4           5

ls status:
events.lhe
ftn26
input_app.txt
input_sg.txt
moffset.dat
multijob.dat
results.dat
run_01_log.txt
run_02_log.txt
run_03_log.txt
run_04_log.txt
run_05_log.txt
run_06_log.txt
run_07_log.txt
run_08_log.txt
run_09_log.txt
run_10_log.txt
run_17_log.txt
run_18_log.txt
run_19_log.txt
run1_app.log
