 Process in group number            1
 No PDF is used, alpha_s(MZ) from param_card is used
 Value of alpha_s from param_card:   0.11799999999999999     
 The default order of alpha_s running is fixed to            2
 Define smin to   28980.976643999998     
 *****************************************************
 *               MadGraph/MadEvent                   *
 *        --------------------------------           *
 *          http://madgraph.hep.uiuc.edu             *
 *          http://madgraph.phys.ucl.ac.be           *
 *          http://madgraph.roma2.infn.it            *
 *        --------------------------------           *
 *                                                   *
 *          PARAMETER AND COUPLING VALUES            *
 *                                                   *
 *****************************************************

  External Params
  ---------------------------------
  
 aEWM1 =    132.50700000000001     
 aS =   0.11799999999999999     
 mdl_MZ =    91.188000000000002     
 mdl_MT =    173.09999999999999     
 mdl_MB =    4.7000000000000002     
 mdl_MH =    125.00000000000000     
 mdl_MTA =    1.7769999999999999     
 mdl_WZ =    2.4414039999999999     
 mdl_WW =    2.0476000000000001     
 mdl_WT =    1.4199999999999999     
 mdl_WH =    6.3823389999999999E-003
 mdl_MW =    80.418999999999997     
  Internal Params
  ---------------------------------
  
 mdl_conjg__CKM3x3 =    1.0000000000000000     
 mdl_CKM3x3 =    1.0000000000000000     
 mdl_conjg__CKM1x1 =    1.0000000000000000     
 mdl_ymtau =                (1.7769999999999999,0.0000000000000000)
 mdl_ymb =                (4.7000000000000002,0.0000000000000000)
 CMASS_mdl_MH =         (125.00000004073425,-3.19116949896008093E-003)
 CMASS_mdl_MT =              (173.10145606412280,-0.70999402774794218)
 mdl_ymt =              (173.10145606412280,-0.70999402774794218)
 CMASS_mdl_MW =               (80.425515588118458,-1.0237170579253749)
 CMASS_mdl_MZ =               (91.196168726742613,-1.2205926578948283)
 mdl_complexi =                (0.0000000000000000,1.0000000000000000)
 mdl_MZ__exp__2 =               (8315.2513440000002,-222.62674795199996)
 mdl_MZ__exp__4 =               (69093842.244990125,-3702394.7302364339)
 mdl_sqrt__2 =                (1.4142135623730951,0.0000000000000000)
 mdl_MH__exp__2 =              (15625.000000000000,-0.79779237500000000)
 mdl_aEW =          (7.54677111397888348E-003,0.0000000000000000)
 Gf =    (1.16533040648424829E-005,3.50198837593820351E-007)
 mdl_sqrt__aEW =          (8.68721538467815552E-002,0.0000000000000000)
 mdl_ee =               (0.30795376724436879,0.0000000000000000)
 mdl_MW__exp__2 =               (6467.2155609999973,-164.66594440000003)
 mdl_sw2 =        (0.22227382624037062,-1.01941650475482039E-003)
 mdl_cw =         (0.88188803587158315,5.77973882901878741E-004)
 mdl_sqrt__sw2 =        (0.47146049153037201,-1.08112612092454465E-003)
 mdl_sw =        (0.47146049153037201,-1.08112612092454465E-003)
 mdl_g1 =        (0.34919810956035874,-2.28858289346364898E-004)
 mdl_gw =         (0.65318760195050374,1.49785229307440441E-003)
 mdl_vev =               (246.24700443049701,-3.6992063978011172)
 mdl_vev__exp__2 =               (60623.903063019687,-1821.8369884573092)
 mdl_lam =         (0.12875223392256610,3.86261316226568568E-003)
 mdl_yb =    (2.69863347493778417E-002,4.05397914947133785E-004)
 mdl_yt =         (0.99397056788289628,1.08542197574134566E-002)
 mdl_ytau =    (1.02031312446051944E-002,1.53274913800224816E-004)
 mdl_muH =         (88.388347677121899,-2.25649759263011002E-003)
 mdl_I1x33 =    (2.69863347493778417E-002,4.05397914947133785E-004)
 mdl_I2x33 =         (0.99397056788289628,1.08542197574134566E-002)
 mdl_I3x33 =         (0.99397056788289628,1.08542197574134566E-002)
 mdl_I4x33 =    (2.69863347493778417E-002,4.05397914947133785E-004)
 mdl_ee__exp__2 =          (9.48355227599988748E-002,0.0000000000000000)
 mdl_sw__exp__2 =        (0.22227382624037065,-1.01941650475482039E-003)
 mdl_cw__exp__2 =         (0.77772617375962949,1.01941650475482039E-003)
  Internal Params evaluated point by point
  ----------------------------------------
  
 mdl_sqrt__aS =               (0.34351128074635334,0.0000000000000000)
 mdl_G__exp__2 =                (1.4828317324943823,0.0000000000000000)
  Couplings of sm
  ---------------------------------
  
         GC_2 =   0.00000E+00   0.20530E+00
         GC_3 =  -0.00000E+00  -0.30795E+00
        GC_51 =  -0.84923E-03   0.28802E+00
        GC_58 =  -0.80904E-04  -0.27439E-01
        GC_59 =   0.24271E-03   0.82316E-01
       GC_100 =  -0.10591E-02   0.46187E+00

 Collider parameters:
 --------------------

 Running at e e   machine @    354.00000000000000       GeV
 PDF set = none   
 alpha_s(Mz)= 0.1180 running at 2 loops.
 alpha_s(Mz)= 0.1180 running at 2 loops.
 Renormalization scale set on event-by-event basis
 Factorization   scale set on event-by-event basis


 getting user params
Enter number of events and max and min iterations: 
 Number of events and iterations         1000           5           3
Enter desired fractional accuracy: 
 Desired fractional accuracy:   0.10000000000000001     
Enter 0 for fixed, 2 for adjustable grid: 
Suppress amplitude (0 no, 1 yes)? 
 Using suppressed amplitude.
Exact helicity sum (0 yes, n = number/event)? 
 Explicitly summing over helicities
Enter Configuration Number: 
Running Configuration Number:    1
 Using dconfig=           7
 BW Setting            1           2           0           0
 Attempting mappinvarients           1           6
 Completed mapping           6
 about to integrate            8        1000           5           3           8           1
 Using non-zero grid deformation.
  8 dimensions   1000 events  8 invarients  5 iterations  1 config(s),  (0.99)
 Using h-tuple random number sequence.
 Error opening grid
 Using Uniform Grid!          24
 Using uniform alpha   1.0000000000000000     
 Grid defined OK
 Set CM energy to        354.00
 Mapping Graph           1  to config           1
 Setting BW          -1           1   173.09999999999999     
Setting grid   2    0.57816E-01   1
Setting grid   3    0.50321E+00   1
   1   1   2   3   4   5   6   7   8
 Masses: 0.000E+00 0.000E+00 0.804E+02 0.470E+01 0.804E+02 0.470E+01
 Got moffset           1
Using random seed offsets     1 :      1
  with seed                  195
 Ranmar initialization seeds       28941       12733
 
 ********************************************
 * You are using the DiscreteSampler module *
 *      part of the MG5_aMC framework       *
 *         Author: Valentin Hirschi         *
 ********************************************
 
  Particle       3       4       5       6
      Et >     0.0     0.0     0.0     0.0
       E >     0.0     0.0     0.0     0.0
     Eta <    -1.0    -1.0    -1.0    -1.0
   xqcut:      0.0     0.0     0.0     0.0
d R # 3  >    -0.0     0.0     0.0     0.0
d R # 4  >    -0.0    -0.0     0.0     0.0
d R # 5  >    -0.0    -0.0    -0.0     0.0
s min # 3>     0.0  7245.2 25868.9     0.0
s min # 4>     0.0     0.0  7245.2     0.0
s min # 5>     0.0     0.0     0.0     0.0
xqcutij # 3>     0.0     0.0     0.0     0.0
xqcutij # 4>     0.0     0.0     0.0     0.0
xqcutij # 5>     0.0     0.0     0.0     0.0
 Requiring BW           -1           1
 Excluding BW           -2           2
 alpha_s for scale    354.00000000000000       is    9.8030208271392735E-002
 Added good helicity            1   3.5833265204276610       in event            1 local:           1
 Added good helicity            2   1.9070422003836389E-004  in event            1 local:           1
 Added good helicity            3   10.006820745105580       in event            1 local:           1
 Added good helicity            4   6.4835486722569519E-004  in event            1 local:           1
 Added good helicity            5   1.0517768593540127       in event            1 local:           1
 Added good helicity            6   4.3529374613902883E-003  in event            1 local:           1
 Added good helicity            7   6.9651241950586208E-003  in event            1 local:           1
 Added good helicity            8   3.7068309837710928E-007  in event            1 local:           1
 Added good helicity            9   1.9450850736044849E-002  in event            1 local:           1
 Added good helicity           10   1.2602457931070004E-006  in event            1 local:           1
 Added good helicity           11   2.0444010360560426E-003  in event            1 local:           1
 Added good helicity           12   8.4610626073473417E-006  in event            1 local:           1
 Added good helicity           13   5.7334149610373570       in event            1 local:           1
 Added good helicity           14   3.0513167640955666E-004  in event            1 local:           1
 Added good helicity           15   14.273471784127864       in event            1 local:           1
 Added good helicity           16   7.9167070750921654E-004  in event            1 local:           1
 Added good helicity           17   1.4541330390733327       in event            1 local:           1
 Added good helicity           18   6.0181493092700917E-003  in event            1 local:           1
 Added good helicity           19   5.5399203495193460E-003  in event            1 local:           1
 Added good helicity           20   2.9483391572243833E-007  in event            1 local:           1
 Added good helicity           21   1.6011638145002258E-002  in event            1 local:           1
 Added good helicity           22   7.3322912614747449E-007  in event            1 local:           1
 Added good helicity           23   1.6227717697077026E-003  in event            1 local:           1
 Added good helicity           24   6.7160861781897180E-006  in event            1 local:           1
 Added good helicity           25   1.3046271813236852       in event            1 local:           1
 Added good helicity           26   6.9432106629649035E-005  in event            1 local:           1
 Added good helicity           27   3.3849899821052087       in event            1 local:           1
 Added good helicity           28   1.7312847363880503E-004  in event            1 local:           1
 Added good helicity           29  0.34324048529859613       in event            1 local:           1
 Added good helicity           30   1.4205526138307517E-003  in event            1 local:           1
 Added good helicity           31   3.4203506467487725E-003  in event            1 local:           1
 Added good helicity           32   1.8203066302428144E-007  in event            1 local:           1
 Added good helicity           33   8.8744530546915976E-003  in event            1 local:           1
 Added good helicity           34   4.5389218870965431E-007  in event            1 local:           1
 Added good helicity           35   8.9987609693235329E-004  in event            1 local:           1
 Added good helicity           36   3.7242732031130191E-006  in event            1 local:           1
 Added good helicity          109   21.035249612987940       in event            1 local:           1
 Added good helicity          110   1.1194935342588865E-003  in event            1 local:           1
 Added good helicity          111   24.834575860999209       in event            1 local:           1
 Added good helicity          112   7.3650478075031932E-003  in event            1 local:           1
 Added good helicity          113   3.5113334346813678       in event            1 local:           1
 Added good helicity          114   1.4532184000173167E-002  in event            1 local:           1
 Added good helicity          115   4.0887461746308779E-002  in event            1 local:           1
 Added good helicity          116   2.1760259516477594E-006  in event            1 local:           1
 Added good helicity          117   4.8272437417402891E-002  in event            1 local:           1
 Added good helicity          118   1.4315880059872847E-005  in event            1 local:           1
 Added good helicity          119   6.8251869661876685E-003  in event            1 local:           1
 Added good helicity          120   2.8247067580815854E-005  in event            1 local:           1
 Added good helicity          121   16.290479839849350       in event            1 local:           1
 Added good helicity          122   8.6697743959386348E-004  in event            1 local:           1
 Added good helicity          123   16.346629924385457       in event            1 local:           1
 Added good helicity          124   5.0319516637325080E-003  in event            1 local:           1
 Added good helicity          125   2.2825544256663819       in event            1 local:           1
 Added good helicity          126   9.4466963964655384E-003  in event            1 local:           1
 Added good helicity          127   7.7324118833182298E-002  in event            1 local:           1
 Added good helicity          128   4.1151805977413129E-006  in event            1 local:           1
 Added good helicity          129   8.8098396416721000E-002  in event            1 local:           1
 Added good helicity          130   2.5573799361157860E-005  in event            1 local:           1
 Added good helicity          131   1.2261334297051819E-002  in event            1 local:           1
 Added good helicity          132   5.0745384739732074E-005  in event            1 local:           1
 Added good helicity          133   8.0862819835533255       in event            1 local:           1
 Added good helicity          134   4.3035098529055235E-004  in event            1 local:           1
 Added good helicity          135   8.8053421487204115       in event            1 local:           1
 Added good helicity          136   2.6008557385246000E-003  in event            1 local:           1
 Added good helicity          137   1.2251532904431945       in event            1 local:           1
 Added good helicity          138   5.0704820195333310E-003  in event            1 local:           1
 Added good helicity          139   2.1199864764566402E-002  in event            1 local:           1
 Added good helicity          140   1.1282543334518448E-006  in event            1 local:           1
 Added good helicity          141   2.3085030071704298E-002  in event            1 local:           1
 Added good helicity          142   6.8186825590565212E-006  in event            1 local:           1
 Added good helicity          143   3.2119933643281135E-003  in event            1 local:           1
 Added good helicity          144   1.3293319887174732E-005  in event            1 local:           1
 RESET CUMULATIVE VARIABLE
 RESET CUMULATIVE VARIABLE
 Iteration  1   Mean: 0.1109E-01 Abs mean: 0.1109E-01   Fluctuation:  0.403E-02   0.336E+01    84.5%
  1    0.1109E-01 0.1109E-01 +- 0.4026E-02     11.48
 Writing out events   2.6265487368277891E-006   11.477457059143950     
 Relative summed weights:
  0.1000E+01  0.0000E+00
 Relative number of events:
  0.1000E+01  0.0000E+00
 Events:
        1015           0
 Iteration  2   Mean: 0.1177E-01 Abs mean: 0.1177E-01   Fluctuation:  0.137E-02   0.163E+01    81.0%
  2    0.1177E-01 0.1177E-01 +- 0.1370E-02      5.20
 Relative summed weights:
  0.1000E+01  0.0000E+00
 Relative number of events:
  0.1000E+01  0.0000E+00
 Events:
        2000           0
 Iteration  3   Mean: 0.1037E-01 Abs mean: 0.1037E-01   Fluctuation:  0.297E-03   0.311E+00    92.7%
  3    0.1037E-01 0.1037E-01 +- 0.2968E-03      1.81
 Relative summed weights:
  0.1000E+01  0.0000E+00
 Relative number of events:
  0.1000E+01  0.0000E+00
 Events:
        4000           0
 Accuracy:    0.022   0.100   0.028   0.636
 Finished due to accuracy    2.2095564891883950E-002  0.10000000000000001     

 -------------------------------------------------------------------------------
 Accumulated results:   Integral =  0.1045E-01
                        Std dev  =  0.2897E-03
                       Cross sec =  0.1045E-01
             Chi**2 per DoF.     =      0.6360
 -------------------------------------------------------------------------------
 Found          368  events.
 Wrote          265  events.
 Actual xsec    1.0454603260139356E-002
 Correct abs xsec    1.0454603260139356E-002
 Event xsec    1.0454603260139425E-002
 Events wgts > 1:           12
 % Cross section > 1:    1.0191802703907752E-004  0.97486269448084550     
-------------------------------------------------
---------------------------
 Results Last   3 iters: Integral =   0.1045E-01
                     Abs integral =   0.1045E-01
                          Std dev =   0.2897E-03
                  Chi**2 per DoF. =      0.5121
-------------------------------------------------
---------------------------
 Status  0.10000000000000001                4           5

ls status:
events.lhe
ftn26
input_app.txt
input_sg.txt
moffset.dat
multijob.dat
results.dat
run_01_log.txt
run_02_log.txt
run_03_log.txt
run_04_log.txt
run_05_log.txt
run_06_log.txt
run_07_log.txt
run_08_log.txt
run_09_log.txt
run_10_log.txt
run_15_log.txt
run_16_log.txt
run_17_log.txt
run_18_log.txt
run_19_log.txt
run1_app.log
