 Process in group number            1
 No PDF is used, alpha_s(MZ) from param_card is used
 Value of alpha_s from param_card:   0.11799999999999999     
 The default order of alpha_s running is fixed to            2
 Define smin to   28980.978309442577     
 *****************************************************
 *               MadGraph/MadEvent                   *
 *        --------------------------------           *
 *          http://madgraph.hep.uiuc.edu             *
 *          http://madgraph.phys.ucl.ac.be           *
 *          http://madgraph.roma2.infn.it            *
 *        --------------------------------           *
 *                                                   *
 *          PARAMETER AND COUPLING VALUES            *
 *                                                   *
 *****************************************************

  External Params
  ---------------------------------
  
 aEWM1 =    132.50700000000001     
 mdl_Gf =    1.1663900000000000E-005
 aS =   0.11799999999999999     
 mdl_ymb =    4.7000000000000002     
 mdl_ymt =    173.00000000000000     
 mdl_ymtau =    1.7769999999999999     
 mdl_MZ =    91.188000000000002     
 mdl_MT =    172.00000000000000     
 mdl_MB =    4.7000000000000002     
 mdl_MH =    125.00000000000000     
 mdl_MTA =    1.7769999999999999     
 mdl_WZ =    2.4414039999999999     
 mdl_WW =    2.0476000000000001     
 mdl_WT =    1.3700000000000001     
 mdl_WH =    6.3823389999999999E-003
  Internal Params
  ---------------------------------
  
 mdl_conjg__CKM3x3 =    1.0000000000000000     
 mdl_CKM3x3 =    1.0000000000000000     
 mdl_conjg__CKM1x1 =    1.0000000000000000     
 mdl_complexi =                (0.0000000000000000,1.0000000000000000)
 mdl_MZ__exp__2 =    8315.2513440000002     
 mdl_MZ__exp__4 =    69143404.913893804     
 mdl_sqrt__2 =    1.4142135623730951     
 mdl_MH__exp__2 =    15625.000000000000     
 mdl_aEW =    7.5467711139788835E-003
 mdl_MW =    80.419002445756163     
 mdl_sqrt__aEW =    8.6872153846781555E-002
 mdl_ee =   0.30795376724436879     
 mdl_MW__exp__2 =    6467.2159543705357     
 mdl_sw2 =   0.22224648578577766     
 mdl_cw =   0.88190334743339216     
 mdl_sqrt__sw2 =   0.47143025548407230     
 mdl_sw =   0.47143025548407230     
 mdl_g1 =   0.34919219678733299     
 mdl_gw =   0.65323293034757990     
 mdl_vev =    246.21845810181637     
 mdl_vev__exp__2 =    60623.529110035903     
 mdl_lam =   0.12886910601690263     
 mdl_yb =    2.6995554250465490E-002
 mdl_yt =   0.99366614581500623     
 mdl_ytau =    1.0206617000654717E-002
 mdl_muH =    88.388347648318430     
 mdl_I1x33 =          (2.69955542504654901E-002,0.0000000000000000)
 mdl_I2x33 =               (0.99366614581500623,0.0000000000000000)
 mdl_I3x33 =               (0.99366614581500623,0.0000000000000000)
 mdl_I4x33 =          (2.69955542504654901E-002,0.0000000000000000)
 mdl_ee__exp__2 =    9.4835522759998875E-002
 mdl_sw__exp__2 =   0.22224648578577769     
 mdl_cw__exp__2 =   0.77775351421422245     
  Internal Params evaluated point by point
  ----------------------------------------
  
 mdl_sqrt__aS =   0.34351128074635334     
 mdl_G__exp__2 =    1.4828317324943823     
  Couplings of sm
  ---------------------------------
  
         GC_2 =   0.00000E+00   0.20530E+00
         GC_3 =  -0.00000E+00  -0.30795E+00
        GC_51 =   0.00000E+00   0.28804E+00
        GC_58 =  -0.00000E+00  -0.27437E-01
        GC_59 =   0.00000E+00   0.82310E-01
       GC_100 =   0.00000E+00   0.46191E+00

 Collider parameters:
 --------------------

 Running at e e   machine @    375.00000000000000       GeV
 PDF set = none   
 alpha_s(Mz)= 0.1180 running at 2 loops.
 alpha_s(Mz)= 0.1180 running at 2 loops.
 Renormalization scale set on event-by-event basis
 Factorization   scale set on event-by-event basis


 getting user params
Enter number of events and max and min iterations: 
 Number of events and iterations         1000           5           3
Enter desired fractional accuracy: 
 Desired fractional accuracy:   0.10000000000000001     
Enter 0 for fixed, 2 for adjustable grid: 
Suppress amplitude (0 no, 1 yes)? 
 Using suppressed amplitude.
Exact helicity sum (0 yes, n = number/event)? 
 Explicitly summing over helicities
Enter Configuration Number: 
Running Configuration Number:    2
 Using dconfig=          22
 BW Setting            1           1           2           0
 Attempting mappinvarients           1           6
 Completed mapping           6
 about to integrate            8        1000           5           3           8           1
 Using non-zero grid deformation.
  8 dimensions   1000 events  8 invarients  5 iterations  1 config(s),  (0.99)
 Using h-tuple random number sequence.
 Error opening grid
 Using Uniform Grid!          24
 Using uniform alpha   1.0000000000000000     
 Grid defined OK
 Set CM energy to        375.00
 Mapping Graph           2  to config           2
 Setting BW          -1           1   172.00000000000000     
 Setting BW          -2           2   172.00000000000000     
Setting grid   3    0.65243E+00   1
   2   1   2   3   4   5   6   7   8
 Masses: 0.000E+00 0.000E+00 0.804E+02 0.470E+01 0.804E+02 0.470E+01
 Got moffset           1
Using random seed offsets     2 :      1
  with seed                  348
 Ranmar initialization seeds        4882       12893
 
 ********************************************
 * You are using the DiscreteSampler module *
 *      part of the MG5_aMC framework       *
 *         Author: Valentin Hirschi         *
 ********************************************
 
  Particle       3       4       5       6
      Et >     0.0     0.0     0.0     0.0
       E >     0.0     0.0     0.0     0.0
     Eta <    -1.0    -1.0    -1.0    -1.0
   xqcut:      0.0     0.0     0.0     0.0
d R # 3  >    -0.0     0.0     0.0     0.0
d R # 4  >    -0.0    -0.0     0.0     0.0
d R # 5  >    -0.0    -0.0    -0.0     0.0
s min # 3>     0.0  7245.2 25868.9     0.0
s min # 4>     0.0     0.0  7245.2     0.0
s min # 5>     0.0     0.0     0.0     0.0
xqcutij # 3>     0.0     0.0     0.0     0.0
xqcutij # 4>     0.0     0.0     0.0     0.0
xqcutij # 5>     0.0     0.0     0.0     0.0
 Requiring BW           -1           1
 Requiring BW           -2           2
 Excluding BW           -3           3
 alpha_s for scale    375.00000000000000       is    9.7332957084556013E-002
 Added good helicity            1   1.6177977157424122       in event            1 local:           1
 Added good helicity            2   5.1534353248536594E-004  in event            1 local:           1
 Added good helicity            3   4.6954911219968976       in event            1 local:           1
 Added good helicity            4   6.5099165159635214E-004  in event            1 local:           1
 Added good helicity            5  0.25001142819323147       in event            1 local:           1
 Added good helicity            6   1.5249421565303042E-003  in event            1 local:           1
 Added good helicity            7   5.2890435620392114E-004  in event            1 local:           1
 Added good helicity            8   1.6848054402644813E-007  in event            1 local:           1
 Added good helicity            9   1.5350903792080864E-003  in event            1 local:           1
 Added good helicity           10   2.1282779486660970E-007  in event            1 local:           1
 Added good helicity           11   8.1735888353311352E-005  in event            1 local:           1
 Added good helicity           12   4.9854721742993173E-007  in event            1 local:           1
 Added good helicity           13   5.0919814758209885       in event            1 local:           1
 Added good helicity           14   1.6220320350096530E-003  in event            1 local:           1
 Added good helicity           15   16.397063835262589       in event            1 local:           1
 Added good helicity           16   2.3118277003296188E-003  in event            1 local:           1
 Added good helicity           17  0.87670918791467189       in event            1 local:           1
 Added good helicity           18   5.3474787505922699E-003  in event            1 local:           1
 Added good helicity           19   9.3619648290810015E-004  in event            1 local:           1
 Added good helicity           20   2.9822195810236503E-007  in event            1 local:           1
 Added good helicity           21   2.9781521998662329E-003  in event            1 local:           1
 Added good helicity           22   4.0930979725750888E-007  in event            1 local:           1
 Added good helicity           23   1.5881056947028606E-004  in event            1 local:           1
 Added good helicity           24   9.6866344885901519E-007  in event            1 local:           1
 Added good helicity           25  0.32753669545363223       in event            1 local:           1
 Added good helicity           26   1.0433561378605246E-004  in event            1 local:           1
 Added good helicity           27   1.0557373795256679       in event            1 local:           1
 Added good helicity           28   1.4843131230497745E-004  in event            1 local:           1
 Added good helicity           29   5.6433981084388213E-002  in event            1 local:           1
 Added good helicity           30   3.4421849208390387E-004  in event            1 local:           1
 Added good helicity           31   1.6608578234480855E-003  in event            1 local:           1
 Added good helicity           32   5.2906017196279174E-007  in event            1 local:           1
 Added good helicity           33   5.3533839433267715E-003  in event            1 local:           1
 Added good helicity           34   7.5265858668128090E-007  in event            1 local:           1
 Added good helicity           35   2.8616280341509445E-004  in event            1 local:           1
 Added good helicity           36   1.7454471010073045E-006  in event            1 local:           1
 Added good helicity          109   18.177141435151565       in event            1 local:           1
 Added good helicity          110   5.7902617778010325E-003  in event            1 local:           1
 Added good helicity          111   26.251727023961713       in event            1 local:           1
 Added good helicity          112   1.9868564422371966E-002  in event            1 local:           1
 Added good helicity          113   1.9392432713458727       in event            1 local:           1
 Added good helicity          114   1.1828394556257799E-002  in event            1 local:           1
 Added good helicity          115   5.9426275577194572E-003  in event            1 local:           1
 Added good helicity          116   1.8930022264462383E-006  in event            1 local:           1
 Added good helicity          117   8.5824405892907501E-003  in event            1 local:           1
 Added good helicity          118   6.4956021214854749E-006  in event            1 local:           1
 Added good helicity          119   6.3399410443801306E-004  in event            1 local:           1
 Added good helicity          120   3.8670405742491433E-006  in event            1 local:           1
 Added good helicity          121   23.245297720406839       in event            1 local:           1
 Added good helicity          122   7.4047043856846663E-003  in event            1 local:           1
 Added good helicity          123   35.739614953362803       in event            1 local:           1
 Added good helicity          124   2.6348332508626872E-002  in event            1 local:           1
 Added good helicity          125   2.6212467532010009       in event            1 local:           1
 Added good helicity          126   1.5988267838440394E-002  in event            1 local:           1
 Added good helicity          127   1.8280929728561150E-002  in event            1 local:           1
 Added good helicity          128   5.8233231582417722E-006  in event            1 local:           1
 Added good helicity          129   2.7271254659782779E-002  in event            1 local:           1
 Added good helicity          130   2.0341738136450634E-005  in event            1 local:           1
 Added good helicity          131   2.0063704521228721E-003  in event            1 local:           1
 Added good helicity          132   1.2237836110812499E-005  in event            1 local:           1
 Added good helicity          133   2.0675074998968670       in event            1 local:           1
 Added good helicity          134   6.5859693586468372E-004  in event            1 local:           1
 Added good helicity          135   3.1500732446603656       in event            1 local:           1
 Added good helicity          136   2.3302777936063789E-003  in event            1 local:           1
 Added good helicity          137  0.23124271148836817       in event            1 local:           1
 Added good helicity          138   1.4104625604012050E-003  in event            1 local:           1
 Added good helicity          139   1.0483820756283530E-002  in event            1 local:           1
 Added good helicity          140   3.3395826745911814E-006  in event            1 local:           1
 Added good helicity          141   1.5973244724786295E-002  in event            1 local:           1
 Added good helicity          142   1.1816264125637165E-005  in event            1 local:           1
 Added good helicity          143   1.1725747735193074E-003  in event            1 local:           1
 Added good helicity          144   7.1521078726111388E-006  in event            1 local:           1
 RESET CUMULATIVE VARIABLE
 RESET CUMULATIVE VARIABLE
 Iteration  1   Mean: 0.5035E-01 Abs mean: 0.5035E-01   Fluctuation:  0.102E-01   0.760E+01    98.4%
  1    0.5035E-01 0.5035E-01 +- 0.1020E-01      6.41
 Writing out events   1.0231267765225415E-005   6.4077826668029649     
 Relative summed weights:
  0.1000E+01  0.0000E+00
 Relative number of events:
  0.1000E+01  0.0000E+00
 Events:
        1015           0
 Iteration  2   Mean: 0.5671E-01 Abs mean: 0.5671E-01   Fluctuation:  0.351E-02   0.280E+01    98.0%
  2    0.5671E-01 0.5671E-01 +- 0.3509E-02      2.77
 Relative summed weights:
  0.1000E+01  0.0000E+00
 Relative number of events:
  0.1000E+01  0.0000E+00
 Events:
        2000           0
 Iteration  3   Mean: 0.5483E-01 Abs mean: 0.5483E-01   Fluctuation:  0.124E-02   0.867E+00    98.7%
  3    0.5483E-01 0.5483E-01 +- 0.1237E-02      1.43
 Relative summed weights:
  0.1000E+01  0.0000E+00
 Relative number of events:
  0.1000E+01  0.0000E+00
 Events:
        4000           0
 Accuracy:    0.010   0.100   0.021   0.222
 Finished due to accuracy    9.9418074392332006E-003  0.10000000000000001     

 -------------------------------------------------------------------------------
 Accumulated results:   Integral =  0.5500E-01
                        Std dev  =  0.1159E-02
                       Cross sec =  0.5500E-01
             Chi**2 per DoF.     =      0.2225
 -------------------------------------------------------------------------------
 Found          366  events.
 Wrote          362  events.
 Actual xsec    5.5002576181876935E-002
 Correct abs xsec    5.5002576181876935E-002
 Event xsec    5.5002576181877191E-002
 Events wgts > 1:           12
 % Cross section > 1:    3.6783998266200809E-004  0.66876864357347643     
-------------------------------------------------
---------------------------
 Results Last   3 iters: Integral =   0.5500E-01
                     Abs integral =   0.5500E-01
                          Std dev =   0.1159E-02
                  Chi**2 per DoF. =      0.2319
-------------------------------------------------
---------------------------
 Status  0.10000000000000001                4           5

ls status:
events.lhe
ftn26
input_app.txt
input_sg.txt
moffset.dat
results.dat
run_05_log.txt
run_07_log.txt
run_08_log.txt
run_10_log.txt
run_11_log.txt
run_12_log.txt
run_14_log.txt
run_15_log.txt
run_16_log.txt
run_17_log.txt
run_18_log.txt
run1_app.log
run_20_log.txt
run_21_log.txt
run_24_log.txt
run_26_log.txt
run_28_log.txt
run_30_log.txt
run_31_log.txt
run_36_log.txt
