 Process in group number            1
 No PDF is used, alpha_s(MZ) from param_card is used
 Value of alpha_s from param_card:   0.11799999999999999     
 The default order of alpha_s running is fixed to            2
 Define smin to   28980.976643999998     
 *****************************************************
 *               MadGraph/MadEvent                   *
 *        --------------------------------           *
 *          http://madgraph.hep.uiuc.edu             *
 *          http://madgraph.phys.ucl.ac.be           *
 *          http://madgraph.roma2.infn.it            *
 *        --------------------------------           *
 *                                                   *
 *          PARAMETER AND COUPLING VALUES            *
 *                                                   *
 *****************************************************

  External Params
  ---------------------------------
  
 aEWM1 =    132.50700000000001     
 aS =   0.11799999999999999     
 mdl_MZ =    91.188000000000002     
 mdl_MT =    173.00000000000000     
 mdl_MB =    4.7000000000000002     
 mdl_MH =    125.00000000000000     
 mdl_MTA =    1.7769999999999999     
 mdl_WZ =    2.4414039999999999     
 mdl_WW =    2.0476000000000001     
 mdl_WT =    1.4915000000000000     
 mdl_WH =    6.3823389999999999E-003
 mdl_MW =    80.418999999999997     
  Internal Params
  ---------------------------------
  
 mdl_conjg__CKM3x3 =    1.0000000000000000     
 mdl_CKM3x3 =    1.0000000000000000     
 mdl_conjg__CKM1x1 =    1.0000000000000000     
 mdl_ymtau =                (1.7769999999999999,0.0000000000000000)
 mdl_ymb =                (4.7000000000000002,0.0000000000000000)
 CMASS_mdl_MH =         (125.00000004073425,-3.19116949896008093E-003)
 CMASS_mdl_MT =              (173.00160731255821,-0.74574307143234730)
 mdl_ymt =              (173.00160731255821,-0.74574307143234730)
 CMASS_mdl_MW =               (80.425515588118458,-1.0237170579253749)
 CMASS_mdl_MZ =               (91.196168726742613,-1.2205926578948283)
 mdl_complexi =                (0.0000000000000000,1.0000000000000000)
 mdl_MZ__exp__2 =               (8315.2513440000002,-222.62674795199996)
 mdl_MZ__exp__4 =               (69093842.244990125,-3702394.7302364339)
 mdl_sqrt__2 =                (1.4142135623730951,0.0000000000000000)
 mdl_MH__exp__2 =              (15625.000000000000,-0.79779237500000000)
 mdl_aEW =          (7.54677111397888348E-003,0.0000000000000000)
 Gf =    (1.16533040648424829E-005,3.50198837593820351E-007)
 mdl_sqrt__aEW =          (8.68721538467815552E-002,0.0000000000000000)
 mdl_ee =               (0.30795376724436879,0.0000000000000000)
 mdl_MW__exp__2 =               (6467.2155609999973,-164.66594440000003)
 mdl_sw2 =        (0.22227382624037062,-1.01941650475482039E-003)
 mdl_cw =         (0.88188803587158315,5.77973882901878741E-004)
 mdl_sqrt__sw2 =        (0.47146049153037201,-1.08112612092454465E-003)
 mdl_sw =        (0.47146049153037201,-1.08112612092454465E-003)
 mdl_g1 =        (0.34919810956035874,-2.28858289346364898E-004)
 mdl_gw =         (0.65318760195050374,1.49785229307440441E-003)
 mdl_vev =               (246.24700443049701,-3.6992063978011172)
 mdl_vev__exp__2 =               (60623.903063019687,-1821.8369884573092)
 mdl_lam =         (0.12875223392256610,3.86261316226568568E-003)
 mdl_yb =    (2.69863347493778417E-002,4.05397914947133785E-004)
 mdl_yt =         (0.99340034251135190,1.06403444094279563E-002)
 mdl_ytau =    (1.02031312446051944E-002,1.53274913800224816E-004)
 mdl_muH =         (88.388347677121899,-2.25649759263011002E-003)
 mdl_I1x33 =    (2.69863347493778417E-002,4.05397914947133785E-004)
 mdl_I2x33 =         (0.99340034251135190,1.06403444094279563E-002)
 mdl_I3x33 =         (0.99340034251135190,1.06403444094279563E-002)
 mdl_I4x33 =    (2.69863347493778417E-002,4.05397914947133785E-004)
 mdl_ee__exp__2 =          (9.48355227599988748E-002,0.0000000000000000)
 mdl_sw__exp__2 =        (0.22227382624037065,-1.01941650475482039E-003)
 mdl_cw__exp__2 =         (0.77772617375962949,1.01941650475482039E-003)
  Internal Params evaluated point by point
  ----------------------------------------
  
 mdl_sqrt__aS =               (0.34351128074635334,0.0000000000000000)
 mdl_G__exp__2 =                (1.4828317324943823,0.0000000000000000)
  Couplings of sm
  ---------------------------------
  
         GC_2 =   0.00000E+00   0.20530E+00
         GC_3 =  -0.00000E+00  -0.30795E+00
        GC_51 =  -0.84923E-03   0.28802E+00
        GC_58 =  -0.80904E-04  -0.27439E-01
        GC_59 =   0.24271E-03   0.82316E-01
       GC_100 =  -0.10591E-02   0.46187E+00

 Collider parameters:
 --------------------

 Running at e e   machine @    354.00000000000000       GeV
 PDF set = none   
 alpha_s(Mz)= 0.1180 running at 2 loops.
 alpha_s(Mz)= 0.1180 running at 2 loops.
 Renormalization scale set on event-by-event basis
 Factorization   scale set on event-by-event basis


 getting user params
Enter number of events and max and min iterations: 
 Number of events and iterations         1000           5           3
Enter desired fractional accuracy: 
 Desired fractional accuracy:   0.10000000000000001     
Enter 0 for fixed, 2 for adjustable grid: 
Suppress amplitude (0 no, 1 yes)? 
 Using suppressed amplitude.
Exact helicity sum (0 yes, n = number/event)? 
 Explicitly summing over helicities
Enter Configuration Number: 
Running Configuration Number:    1
 Using dconfig=           5
 BW Setting            2           1           0           0
 Attempting mappinvarients           1           6
 Completed mapping           6
 about to integrate            8        1000           5           3           8           1
 Using non-zero grid deformation.
  8 dimensions   1000 events  8 invarients  5 iterations  1 config(s),  (0.99)
 Using h-tuple random number sequence.
 Error opening grid
 Using Uniform Grid!          24
 Using uniform alpha   1.0000000000000000     
 Grid defined OK
 Set CM energy to        354.00
 Mapping Graph           1  to config           1
Setting grid   1    0.57816E-01   1
 Setting BW          -2           2   173.00000000000000     
Setting grid   3    0.50138E+00   1
   1   1   2   3   4   5   6   7   8
 Masses: 0.000E+00 0.000E+00 0.804E+02 0.470E+01 0.804E+02 0.470E+01
 Got moffset           1
Using random seed offsets     1 :      1
  with seed                  159
 Ranmar initialization seeds       15138       12696
 
 ********************************************
 * You are using the DiscreteSampler module *
 *      part of the MG5_aMC framework       *
 *         Author: Valentin Hirschi         *
 ********************************************
 
  Particle       3       4       5       6
      Et >     0.0     0.0     0.0     0.0
       E >     0.0     0.0     0.0     0.0
     Eta <    -1.0    -1.0    -1.0    -1.0
   xqcut:      0.0     0.0     0.0     0.0
d R # 3  >    -0.0     0.0     0.0     0.0
d R # 4  >    -0.0    -0.0     0.0     0.0
d R # 5  >    -0.0    -0.0    -0.0     0.0
s min # 3>     0.0  7245.2 25868.9     0.0
s min # 4>     0.0     0.0  7245.2     0.0
s min # 5>     0.0     0.0     0.0     0.0
xqcutij # 3>     0.0     0.0     0.0     0.0
xqcutij # 4>     0.0     0.0     0.0     0.0
xqcutij # 5>     0.0     0.0     0.0     0.0
 Excluding BW           -1           1
 Requiring BW           -2           2
 alpha_s for scale    354.00000000000000       is    9.8030208271392735E-002
 Added good helicity            1   2.4476743420052540       in event            1 local:           1
 Added good helicity            2   1.2839300541502991E-002  in event            1 local:           1
 Added good helicity            3   5.1886238662534439       in event            1 local:           1
 Added good helicity            4   2.8013996949538614E-002  in event            1 local:           1
 Added good helicity            5   2.6018484603933141       in event            1 local:           1
 Added good helicity            6   6.5047850720260690E-003  in event            1 local:           1
 Added good helicity            7   9.4221724430350773E-004  in event            1 local:           1
 Added good helicity            8   4.9424100941012796E-006  in event            1 local:           1
 Added good helicity            9   1.9973289735037121E-003  in event            1 local:           1
 Added good helicity           10   1.0783816521154055E-005  in event            1 local:           1
 Added good helicity           11   1.0015656267568338E-003  in event            1 local:           1
 Added good helicity           12   2.5039771672933762E-006  in event            1 local:           1
 Added good helicity           13   9.3230203230911375       in event            1 local:           1
 Added good helicity           14   4.8903997492020325E-002  in event            1 local:           1
 Added good helicity           15   25.313020174269440       in event            1 local:           1
 Added good helicity           16  0.12343891500133655       in event            1 local:           1
 Added good helicity           17   12.045720862890059       in event            1 local:           1
 Added good helicity           18   3.0115061058888701E-002  in event            1 local:           1
 Added good helicity           19   3.7914871213975466E-003  in event            1 local:           1
 Added good helicity           20   1.9888284080708247E-005  in event            1 local:           1
 Added good helicity           21   9.6276965554682251E-003  in event            1 local:           1
 Added good helicity           22   4.6080815035744975E-005  in event            1 local:           1
 Added good helicity           23   4.5199795089807234E-003  in event            1 local:           1
 Added good helicity           24   1.1300233539134320E-005  in event            1 local:           1
 Added good helicity           25  0.51632206816415505       in event            1 local:           1
 Added good helicity           26   2.7083726358544092E-003  in event            1 local:           1
 Added good helicity           27   1.3852124771676628       in event            1 local:           1
 Added good helicity           28   6.7204132283975411E-003  in event            1 local:           1
 Added good helicity           29  0.65689754273968759       in event            1 local:           1
 Added good helicity           30   1.6422852425532083E-003  in event            1 local:           1
 Added good helicity           31   2.6221874018694477E-003  in event            1 local:           1
 Added good helicity           32   1.3754710563809332E-005  in event            1 local:           1
 Added good helicity           33   7.0349243824817491E-003  in event            1 local:           1
 Added good helicity           34   3.4130214432860893E-005  in event            1 local:           1
 Added good helicity           35   3.3361124133539197E-003  in event            1 local:           1
 Added good helicity           36   8.3404912143518936E-006  in event            1 local:           1
 Added good helicity          109   23.171724067913772       in event            1 local:           1
 Added good helicity          110  0.12154751319123178       in event            1 local:           1
 Added good helicity          111   6.1355795412747307       in event            1 local:           1
 Added good helicity          112   7.8063444999900325E-002  in event            1 local:           1
 Added good helicity          113   4.7571079024486709       in event            1 local:           1
 Added good helicity          114   1.1893069462311275E-002  in event            1 local:           1
 Added good helicity          115   8.9198132375504172E-003  in event            1 local:           1
 Added good helicity          116   4.6788970642705209E-005  in event            1 local:           1
 Added good helicity          117   2.3618537598628165E-003  in event            1 local:           1
 Added good helicity          118   3.0050044961613031E-005  in event            1 local:           1
 Added good helicity          119   1.8312195465625409E-003  in event            1 local:           1
 Added good helicity          120   4.5781642364681364E-006  in event            1 local:           1
 Added good helicity          121   28.447575423540719       in event            1 local:           1
 Added good helicity          122  0.14922204489045118       in event            1 local:           1
 Added good helicity          123   11.547458008452663       in event            1 local:           1
 Added good helicity          124   9.7478989336107838E-002  in event            1 local:           1
 Added good helicity          125   6.7783354029489695       in event            1 local:           1
 Added good helicity          126   1.6946265554460094E-002  in event            1 local:           1
 Added good helicity          127   1.8867464748925863E-002  in event            1 local:           1
 Added good helicity          128   9.8969477356703218E-005  in event            1 local:           1
 Added good helicity          129   6.3189657635628069E-003  in event            1 local:           1
 Added good helicity          130   5.7796212645370117E-005  in event            1 local:           1
 Added good helicity          131   3.8169155305635685E-003  in event            1 local:           1
 Added good helicity          132   9.5425292988205486E-006  in event            1 local:           1
 Added good helicity          133   1.7585509537402921       in event            1 local:           1
 Added good helicity          134   9.2244968316009205E-003  in event            1 local:           1
 Added good helicity          135  0.68130662175016643       in event            1 local:           1
 Added good helicity          136   5.8164799384616385E-003  in event            1 local:           1
 Added good helicity          137  0.40004901592620012       in event            1 local:           1
 Added good helicity          138   1.0001477436092075E-003  in event            1 local:           1
 Added good helicity          139   8.9309569370899684E-003  in event            1 local:           1
 Added good helicity          140   4.6847425031459925E-005  in event            1 local:           1
 Added good helicity          141   3.4600760852924301E-003  in event            1 local:           1
 Added good helicity          142   2.9539509074424155E-005  in event            1 local:           1
 Added good helicity          143   2.0316843969536503E-003  in event            1 local:           1
 Added good helicity          144   5.0793389920851147E-006  in event            1 local:           1
 RESET CUMULATIVE VARIABLE
 RESET CUMULATIVE VARIABLE
 Iteration  1   Mean: 0.1635E-01 Abs mean: 0.1635E-01   Fluctuation:  0.580E-02   0.492E+01    57.1%
  1    0.1635E-01 0.1635E-01 +- 0.5797E-02     11.21
 Writing out events   5.7240846429792954E-006   11.209513264383297     
 Relative summed weights:
  0.1000E+01  0.0000E+00
 Relative number of events:
  0.1000E+01  0.0000E+00
 Events:
        1015           0
 Iteration  2   Mean: 0.8311E-02 Abs mean: 0.8311E-02   Fluctuation:  0.569E-03   0.546E+00    79.0%
  2    0.8311E-02 0.8311E-02 +- 0.5687E-03      3.06
 Relative summed weights:
  0.1000E+01  0.0000E+00
 Relative number of events:
  0.1000E+01  0.0000E+00
 Events:
        2000           0
 Iteration  3   Mean: 0.9892E-02 Abs mean: 0.9892E-02   Fluctuation:  0.309E-03   0.325E+00    93.7%
  3    0.9892E-02 0.9892E-02 +- 0.3085E-03      1.97
 Relative summed weights:
  0.1000E+01  0.0000E+00
 Relative number of events:
  0.1000E+01  0.0000E+00
 Events:
        4000           0
 Accuracy:    0.059   0.100   0.028   4.287
 Finished due to accuracy    5.8578249860902688E-002  0.10000000000000001     

 -------------------------------------------------------------------------------
 Accumulated results:   Integral =  0.9663E-02
                        Std dev  =  0.2734E-03
                       Cross sec =  0.9663E-02
             Chi**2 per DoF.     =      4.2873
 -------------------------------------------------------------------------------
 Found          460  events.
 Wrote          209  events.
 Actual xsec    9.6629071166792601E-003
 Correct abs xsec    9.6629071166792601E-003
 Event xsec    9.6629071166792532E-003
 Events wgts > 1:            8
 % Cross section > 1:    6.8498766587686796E-005  0.70888362850399655     
-------------------------------------------------
---------------------------
 Results Last   3 iters: Integral =   0.9663E-02
                     Abs integral =   0.9663E-02
                          Std dev =   0.2734E-03
                  Chi**2 per DoF. =      3.7671
-------------------------------------------------
---------------------------
 Status  0.10000000000000001                4           5

ls status:
events.lhe
ftn26
input_app.txt
input_sg.txt
moffset.dat
multijob.dat
results.dat
run_01_log.txt
run_02_log.txt
run_03_log.txt
run_04_log.txt
run_05_log.txt
run_11_log.txt
run_13_log.txt
run_14_log.txt
run_15_log.txt
run1_app.log
